<html>
<head>
<title>TestNG:  Default test</title>
<link href="../testng.css" rel="stylesheet" type="text/css" />
<link href="../my-testng.css" rel="stylesheet" type="text/css" />

<style type="text/css">
.log { display: none;} 
.stack-trace { display: none;} 
</style>
<script type="text/javascript">
<!--
function flip(e) {
  current = e.style.display;
  if (current == 'block') {
    e.style.display = 'none';
    return 0;
  }
  else {
    e.style.display = 'block';
    return 1;
  }
}

function toggleBox(szDivId, elem, msg1, msg2)
{
  var res = -1;  if (document.getElementById) {
    res = flip(document.getElementById(szDivId));
  }
  else if (document.all) {
    // this is the way old msie versions work
    res = flip(document.all[szDivId]);
  }
  if(elem) {
    if(res == 0) elem.innerHTML = msg1; else elem.innerHTML = msg2;
  }

}

function toggleAllBoxes() {
  if (document.getElementsByTagName) {
    d = document.getElementsByTagName('div');
    for (i = 0; i < d.length; i++) {
      if (d[i].className == 'log') {
        flip(d[i]);
      }
    }
  }
}

// -->
</script>

</head>
<body>
<h2 align='center'>Default test</h2><table border='1' align="center">
<tr>
<td>Tests passed/Failed/Skipped:</td><td>0/0/2</td>
</tr><tr>
<td>Started on:</td><td>Tue May 12 00:02:38 EET 2020</td>
</tr>
<tr><td>Total time:</td><td>4 seconds (4513 ms)</td>
</tr><tr>
<td>Included groups:</td><td></td>
</tr><tr>
<td>Excluded groups:</td><td></td>
</tr>
</table><p/>
<small><i>(Hover the method name to see the test class name)</i></small><p/>
<table width='100%' border='1' class='invocation-failed'>
<tr><td colspan='4' align='center'><b>FAILED CONFIGURATIONS</b></td></tr>
<tr><td><b>Test method</b></td>
<td width="30%"><b>Exception</b></td>
<td width="10%"><b>Time (seconds)</b></td>
<td><b>Instance</b></td>
</tr>
<tr>
<td title='tests.ChallengeTest.setUp()'><b>setUp</b><br>Test class: tests.ChallengeTest</td>
<td><div><pre>org.openqa.selenium.SessionNotCreatedException: session not created
from disconnected: Unable to receive message from renderer
  (Session info: chrome=81.0.4044.138)
Build info: version: &apos;3.141.59&apos;, revision: &apos;e82be7d358&apos;, time: &apos;2018-11-14T08:17:03&apos;
System info: host: &apos;DESKTOP-BB7VHJE&apos;, ip: &apos;192.168.1.13&apos;, os.name: &apos;Windows 10&apos;, os.arch: &apos;amd64&apos;, os.version: &apos;10.0&apos;, java.version: &apos;11&apos;
Driver info: driver.version: ChromeDriver
remote stacktrace: Backtrace:
	Ordinal0 [0x009D5E93+2449043]
	Ordinal0 [0x00908281+1606273]
	Ordinal0 [0x007FF889+522377]
	Ordinal0 [0x007F75B5+488885]
	Ordinal0 [0x007F6BAC+486316]
	Ordinal0 [0x007F6DE5+486885]
	Ordinal0 [0x007F6825+485413]
	Ordinal0 [0x007FE5E5+517605]
	Ordinal0 [0x007F67E2+485346]
	Ordinal0 [0x007F7249+488009]
	Ordinal0 [0x007F6BAC+486316]
	Ordinal0 [0x007F6DE5+486885]
	Ordinal0 [0x007F6825+485413]
	Ordinal0 [0x007FCDCE+511438]
	Ordinal0 [0x007F67E2+485346]
	Ordinal0 [0x007F7249+488009]
	Ordinal0 [0x007F6BAC+486316]
	Ordinal0 [0x007F6DE5+486885]
	Ordinal0 [0x007F6825+485413]
	Ordinal0 [0x007FB63C+505404]
	Ordinal0 [0x007F67E2+485346]
	Ordinal0 [0x007F7249+488009]
	Ordinal0 [0x007F6BAC+486316]
	Ordinal0 [0x007F6DE5+486885]
	Ordinal0 [0x007F6825+485413]
	Ordinal0 [0x007FACD7+502999]
	Ordinal0 [0x007F67E2+485346]
	Ordinal0 [0x007F7249+488009]
	Ordinal0 [0x007F6BAC+486316]
	Ordinal0 [0x007F6DE5+486885]
	Ordinal0 [0x007F6825+485413]
	Ordinal0 [0x007F30CC+471244]
	Ordinal0 [0x007F67E2+485346]
	Ordinal0 [0x007F6737+485175]
	Ordinal0 [0x00800520+525600]
	Ordinal0 [0x007ACBB9+183225]
	Ordinal0 [0x007ABF2D+180013]
	Ordinal0 [0x007A9E5B+171611]
	Ordinal0 [0x00791DD8+73176]
	Ordinal0 [0x00792E50+77392]
	Ordinal0 [0x00792DE9+77289]
	Ordinal0 [0x0091D7F7+1693687]
	GetHandleVerifier [0x00A74576+522742]
	GetHandleVerifier [0x00A742B4+522036]
	GetHandleVerifier [0x00A89587+608775]
	GetHandleVerifier [0x00A74DE6+524902]
	Ordinal0 [0x00915BDC+1661916]
	Ordinal0 [0x0091F15B+1700187]
	Ordinal0 [0x0091F2C3+1700547]
	Ordinal0 [0x00935135+1790261]
	BaseThreadInitThunk [0x75DE6359+25]
	RtlGetAppContainerNamedObjectPath [0x77C97C14+228]
	RtlGetAppContainerNamedObjectPath [0x77C97BE4+180]

	at java.base/jdk.internal.reflect.NativeConstructorAccessorImpl.newInstance0(Native Method)
	at java.base/jdk.internal.reflect.NativeConstructorAccessorImpl.newInstance(NativeConstructorAccessorImpl.java:62)
	at java.base/jdk.internal.reflect.DelegatingConstructorAccessorImpl.newInstance(DelegatingConstructorAccessorImpl.java:45)
	at java.base/java.lang.reflect.Constructor.newInstance(Constructor.java:490)
	at org.openqa.selenium.remote.W3CHandshakeResponse.lambda$errorHandler$0(W3CHandshakeResponse.java:62)
	at org.openqa.selenium.remote.HandshakeResponse.lambda$getResponseFunction$0(HandshakeResponse.java:30)
	at org.openqa.selenium.remote.ProtocolHandshake.lambda$createSession$0(ProtocolHandshake.java:126)
	at java.base/java.util.stream.ReferencePipeline$3$1.accept(ReferencePipeline.java:195)
	at java.base/java.util.Spliterators$ArraySpliterator.tryAdvance(Spliterators.java:958)
	at java.base/java.util.stream.ReferencePipeline.forEachWithCancel(ReferencePipeline.java:127)
	at java.base/java.util.stream.AbstractPipeline.copyIntoWithCancel(AbstractPipeline.java:502)
	at java.base/java.util.stream.AbstractPipeline.copyInto(AbstractPipeline.java:488)
	at java.base/java.util.stream.AbstractPipeline.wrapAndCopyInto(AbstractPipeline.java:474)
	at java.base/java.util.stream.FindOps$FindOp.evaluateSequential(FindOps.java:150)
	at java.base/java.util.stream.AbstractPipeline.evaluate(AbstractPipeline.java:234)
	at java.base/java.util.stream.ReferencePipeline.findFirst(ReferencePipeline.java:543)
	at org.openqa.selenium.remote.ProtocolHandshake.createSession(ProtocolHandshake.java:128)
	at org.openqa.selenium.remote.ProtocolHandshake.createSession(ProtocolHandshake.java:74)
	at org.openqa.selenium.remote.HttpCommandExecutor.execute(HttpCommandExecutor.java:136)
	at org.openqa.selenium.remote.service.DriverCommandExecutor.execute(DriverCommandExecutor.java:83)
	at org.openqa.selenium.remote.RemoteWebDriver.execute(RemoteWebDriver.java:552)
	at org.openqa.selenium.remote.RemoteWebDriver.startSession(RemoteWebDriver.java:213)
	at org.openqa.selenium.remote.RemoteWebDriver.&lt;init&gt;(RemoteWebDriver.java:131)
	at org.openqa.selenium.chrome.ChromeDriver.&lt;init&gt;(ChromeDriver.java:181)
	at org.openqa.selenium.chrome.ChromeDriver.&lt;init&gt;(ChromeDriver.java:168)
	at org.openqa.selenium.chrome.ChromeDriver.&lt;init&gt;(ChromeDriver.java:123)
	at utils.Configurations.intializeDriver(Configurations.java:70)
	at tests.ChallengeTest.setUp(ChallengeTest.java:68)
	at java.base/jdk.internal.reflect.NativeMethodAccessorImpl.invoke0(Native Method)
	at java.base/jdk.internal.reflect.NativeMethodAccessorImpl.invoke(NativeMethodAccessorImpl.java:62)
	at java.base/jdk.internal.reflect.DelegatingMethodAccessorImpl.invoke(DelegatingMethodAccessorImpl.java:43)
	at java.base/java.lang.reflect.Method.invoke(Method.java:566)
	at org.testng.internal.MethodInvocationHelper.invokeMethod(MethodInvocationHelper.java:134)
	at org.testng.internal.MethodInvocationHelper.invokeMethodConsideringTimeout(MethodInvocationHelper.java:63)
	at org.testng.internal.ConfigInvoker.invokeConfigurationMethod(ConfigInvoker.java:348)
	at org.testng.internal.ConfigInvoker.invokeConfigurations(ConfigInvoker.java:302)
	at org.testng.TestRunner.invokeTestConfigurations(TestRunner.java:619)
	at org.testng.TestRunner.beforeRun(TestRunner.java:609)
	at org.testng.TestRunner.run(TestRunner.java:580)
	at org.testng.SuiteRunner.runTest(SuiteRunner.java:384)
	at org.testng.SuiteRunner.runSequentially(SuiteRunner.java:378)
	at org.testng.SuiteRunner.privateRun(SuiteRunner.java:337)
	at org.testng.SuiteRunner.run(SuiteRunner.java:286)
	at org.testng.SuiteRunnerWorker.runSuite(SuiteRunnerWorker.java:53)
	at org.testng.SuiteRunnerWorker.run(SuiteRunnerWorker.java:96)
	at org.testng.TestNG.runSuitesSequentially(TestNG.java:1187)
	at org.testng.TestNG.runSuitesLocally(TestNG.java:1109)
	at org.testng.TestNG.runSuites(TestNG.java:1039)
	at org.testng.TestNG.run(TestNG.java:1007)
	at org.testng.remote.AbstractRemoteTestNG.run(AbstractRemoteTestNG.java:115)
	at org.testng.remote.RemoteTestNG.initAndRun(RemoteTestNG.java:251)
	at org.testng.remote.RemoteTestNG.main(RemoteTestNG.java:77)
</pre></div><a href='#' onClick='toggleBox("stack-trace1613332278", this, "Click to show all stack frames", "Click to hide stack frames")'>Click to show all stack frames</a>
<div class='stack-trace' id='stack-trace1613332278'><pre>org.openqa.selenium.SessionNotCreatedException: session not created
from disconnected: Unable to receive message from renderer
  (Session info: chrome=81.0.4044.138)
Build info: version: &apos;3.141.59&apos;, revision: &apos;e82be7d358&apos;, time: &apos;2018-11-14T08:17:03&apos;
System info: host: &apos;DESKTOP-BB7VHJE&apos;, ip: &apos;192.168.1.13&apos;, os.name: &apos;Windows 10&apos;, os.arch: &apos;amd64&apos;, os.version: &apos;10.0&apos;, java.version: &apos;11&apos;
Driver info: driver.version: ChromeDriver
remote stacktrace: Backtrace:
	Ordinal0 [0x009D5E93+2449043]
	Ordinal0 [0x00908281+1606273]
	Ordinal0 [0x007FF889+522377]
	Ordinal0 [0x007F75B5+488885]
	Ordinal0 [0x007F6BAC+486316]
	Ordinal0 [0x007F6DE5+486885]
	Ordinal0 [0x007F6825+485413]
	Ordinal0 [0x007FE5E5+517605]
	Ordinal0 [0x007F67E2+485346]
	Ordinal0 [0x007F7249+488009]
	Ordinal0 [0x007F6BAC+486316]
	Ordinal0 [0x007F6DE5+486885]
	Ordinal0 [0x007F6825+485413]
	Ordinal0 [0x007FCDCE+511438]
	Ordinal0 [0x007F67E2+485346]
	Ordinal0 [0x007F7249+488009]
	Ordinal0 [0x007F6BAC+486316]
	Ordinal0 [0x007F6DE5+486885]
	Ordinal0 [0x007F6825+485413]
	Ordinal0 [0x007FB63C+505404]
	Ordinal0 [0x007F67E2+485346]
	Ordinal0 [0x007F7249+488009]
	Ordinal0 [0x007F6BAC+486316]
	Ordinal0 [0x007F6DE5+486885]
	Ordinal0 [0x007F6825+485413]
	Ordinal0 [0x007FACD7+502999]
	Ordinal0 [0x007F67E2+485346]
	Ordinal0 [0x007F7249+488009]
	Ordinal0 [0x007F6BAC+486316]
	Ordinal0 [0x007F6DE5+486885]
	Ordinal0 [0x007F6825+485413]
	Ordinal0 [0x007F30CC+471244]
	Ordinal0 [0x007F67E2+485346]
	Ordinal0 [0x007F6737+485175]
	Ordinal0 [0x00800520+525600]
	Ordinal0 [0x007ACBB9+183225]
	Ordinal0 [0x007ABF2D+180013]
	Ordinal0 [0x007A9E5B+171611]
	Ordinal0 [0x00791DD8+73176]
	Ordinal0 [0x00792E50+77392]
	Ordinal0 [0x00792DE9+77289]
	Ordinal0 [0x0091D7F7+1693687]
	GetHandleVerifier [0x00A74576+522742]
	GetHandleVerifier [0x00A742B4+522036]
	GetHandleVerifier [0x00A89587+608775]
	GetHandleVerifier [0x00A74DE6+524902]
	Ordinal0 [0x00915BDC+1661916]
	Ordinal0 [0x0091F15B+1700187]
	Ordinal0 [0x0091F2C3+1700547]
	Ordinal0 [0x00935135+1790261]
	BaseThreadInitThunk [0x75DE6359+25]
	RtlGetAppContainerNamedObjectPath [0x77C97C14+228]
	RtlGetAppContainerNamedObjectPath [0x77C97BE4+180]

	at java.base/jdk.internal.reflect.NativeConstructorAccessorImpl.newInstance0(Native Method)
	at java.base/jdk.internal.reflect.NativeConstructorAccessorImpl.newInstance(NativeConstructorAccessorImpl.java:62)
	at java.base/jdk.internal.reflect.DelegatingConstructorAccessorImpl.newInstance(DelegatingConstructorAccessorImpl.java:45)
	at java.base/java.lang.reflect.Constructor.newInstance(Constructor.java:490)
	at org.openqa.selenium.remote.W3CHandshakeResponse.lambda$errorHandler$0(W3CHandshakeResponse.java:62)
	at org.openqa.selenium.remote.HandshakeResponse.lambda$getResponseFunction$0(HandshakeResponse.java:30)
	at org.openqa.selenium.remote.ProtocolHandshake.lambda$createSession$0(ProtocolHandshake.java:126)
	at java.base/java.util.stream.ReferencePipeline$3$1.accept(ReferencePipeline.java:195)
	at java.base/java.util.Spliterators$ArraySpliterator.tryAdvance(Spliterators.java:958)
	at java.base/java.util.stream.ReferencePipeline.forEachWithCancel(ReferencePipeline.java:127)
	at java.base/java.util.stream.AbstractPipeline.copyIntoWithCancel(AbstractPipeline.java:502)
	at java.base/java.util.stream.AbstractPipeline.copyInto(AbstractPipeline.java:488)
	at java.base/java.util.stream.AbstractPipeline.wrapAndCopyInto(AbstractPipeline.java:474)
	at java.base/java.util.stream.FindOps$FindOp.evaluateSequential(FindOps.java:150)
	at java.base/java.util.stream.AbstractPipeline.evaluate(AbstractPipeline.java:234)
	at java.base/java.util.stream.ReferencePipeline.findFirst(ReferencePipeline.java:543)
	at org.openqa.selenium.remote.ProtocolHandshake.createSession(ProtocolHandshake.java:128)
	at org.openqa.selenium.remote.ProtocolHandshake.createSession(ProtocolHandshake.java:74)
	at org.openqa.selenium.remote.HttpCommandExecutor.execute(HttpCommandExecutor.java:136)
	at org.openqa.selenium.remote.service.DriverCommandExecutor.execute(DriverCommandExecutor.java:83)
	at org.openqa.selenium.remote.RemoteWebDriver.execute(RemoteWebDriver.java:552)
	at org.openqa.selenium.remote.RemoteWebDriver.startSession(RemoteWebDriver.java:213)
	at org.openqa.selenium.remote.RemoteWebDriver.&lt;init&gt;(RemoteWebDriver.java:131)
	at org.openqa.selenium.chrome.ChromeDriver.&lt;init&gt;(ChromeDriver.java:181)
	at org.openqa.selenium.chrome.ChromeDriver.&lt;init&gt;(ChromeDriver.java:168)
	at org.openqa.selenium.chrome.ChromeDriver.&lt;init&gt;(ChromeDriver.java:123)
	at utils.Configurations.intializeDriver(Configurations.java:70)
	at tests.ChallengeTest.setUp(ChallengeTest.java:68)
	at java.base/jdk.internal.reflect.NativeMethodAccessorImpl.invoke0(Native Method)
	at java.base/jdk.internal.reflect.NativeMethodAccessorImpl.invoke(NativeMethodAccessorImpl.java:62)
	at java.base/jdk.internal.reflect.DelegatingMethodAccessorImpl.invoke(DelegatingMethodAccessorImpl.java:43)
	at java.base/java.lang.reflect.Method.invoke(Method.java:566)
	at org.testng.internal.MethodInvocationHelper.invokeMethod(MethodInvocationHelper.java:134)
	at org.testng.internal.MethodInvocationHelper.invokeMethodConsideringTimeout(MethodInvocationHelper.java:63)
	at org.testng.internal.ConfigInvoker.invokeConfigurationMethod(ConfigInvoker.java:348)
	at org.testng.internal.ConfigInvoker.invokeConfigurations(ConfigInvoker.java:302)
	at org.testng.TestRunner.invokeTestConfigurations(TestRunner.java:619)
	at org.testng.TestRunner.beforeRun(TestRunner.java:609)
	at org.testng.TestRunner.run(TestRunner.java:580)
	at org.testng.SuiteRunner.runTest(SuiteRunner.java:384)
	at org.testng.SuiteRunner.runSequentially(SuiteRunner.java:378)
	at org.testng.SuiteRunner.privateRun(SuiteRunner.java:337)
	at org.testng.SuiteRunner.run(SuiteRunner.java:286)
	at org.testng.SuiteRunnerWorker.runSuite(SuiteRunnerWorker.java:53)
	at org.testng.SuiteRunnerWorker.run(SuiteRunnerWorker.java:96)
	at org.testng.TestNG.runSuitesSequentially(TestNG.java:1187)
	at org.testng.TestNG.runSuitesLocally(TestNG.java:1109)
	at org.testng.TestNG.runSuites(TestNG.java:1039)
	at org.testng.TestNG.run(TestNG.java:1007)
	at org.testng.remote.AbstractRemoteTestNG.run(AbstractRemoteTestNG.java:115)
	at org.testng.remote.RemoteTestNG.initAndRun(RemoteTestNG.java:251)
	at org.testng.remote.RemoteTestNG.main(RemoteTestNG.java:77)
</pre></div></td>
<td>4</td>
<td>tests.ChallengeTest@68567e20</td></tr>
</table><p>
<table width='100%' border='1' class='invocation-skipped'>
<tr><td colspan='4' align='center'><b>SKIPPED CONFIGURATIONS</b></td></tr>
<tr><td><b>Test method</b></td>
<td width="30%"><b>Exception</b></td>
<td width="10%"><b>Time (seconds)</b></td>
<td><b>Instance</b></td>
</tr>
<tr>
<td title='tests.ChallengeTest.wrapUp()'><b>wrapUp</b><br>Test class: tests.ChallengeTest</td>
<td></td>
<td>-1589234563</td>
<td>tests.ChallengeTest@68567e20</td></tr>
</table><p>
<table width='100%' border='1' class='invocation-skipped'>
<tr><td colspan='4' align='center'><b>SKIPPED TESTS</b></td></tr>
<tr><td><b>Test method</b></td>
<td width="30%"><b>Exception</b></td>
<td width="10%"><b>Time (seconds)</b></td>
<td><b>Instance</b></td>
</tr>
<tr>
<td title='tests.ChallengeTest.userLoginAfterRegisteration()'><b>userLoginAfterRegisteration</b><br>Test class: tests.ChallengeTest<br>Test method: Testing that user can login successfully using the same credentials used in registeration</td>
<td><div><pre>org.openqa.selenium.SessionNotCreatedException: session not created
from disconnected: Unable to receive message from renderer
  (Session info: chrome=81.0.4044.138)
Build info: version: &apos;3.141.59&apos;, revision: &apos;e82be7d358&apos;, time: &apos;2018-11-14T08:17:03&apos;
System info: host: &apos;DESKTOP-BB7VHJE&apos;, ip: &apos;192.168.1.13&apos;, os.name: &apos;Windows 10&apos;, os.arch: &apos;amd64&apos;, os.version: &apos;10.0&apos;, java.version: &apos;11&apos;
Driver info: driver.version: ChromeDriver
remote stacktrace: Backtrace:
	Ordinal0 [0x009D5E93+2449043]
	Ordinal0 [0x00908281+1606273]
	Ordinal0 [0x007FF889+522377]
	Ordinal0 [0x007F75B5+488885]
	Ordinal0 [0x007F6BAC+486316]
	Ordinal0 [0x007F6DE5+486885]
	Ordinal0 [0x007F6825+485413]
	Ordinal0 [0x007FE5E5+517605]
	Ordinal0 [0x007F67E2+485346]
	Ordinal0 [0x007F7249+488009]
	Ordinal0 [0x007F6BAC+486316]
	Ordinal0 [0x007F6DE5+486885]
	Ordinal0 [0x007F6825+485413]
	Ordinal0 [0x007FCDCE+511438]
	Ordinal0 [0x007F67E2+485346]
	Ordinal0 [0x007F7249+488009]
	Ordinal0 [0x007F6BAC+486316]
	Ordinal0 [0x007F6DE5+486885]
	Ordinal0 [0x007F6825+485413]
	Ordinal0 [0x007FB63C+505404]
	Ordinal0 [0x007F67E2+485346]
	Ordinal0 [0x007F7249+488009]
	Ordinal0 [0x007F6BAC+486316]
	Ordinal0 [0x007F6DE5+486885]
	Ordinal0 [0x007F6825+485413]
	Ordinal0 [0x007FACD7+502999]
	Ordinal0 [0x007F67E2+485346]
	Ordinal0 [0x007F7249+488009]
	Ordinal0 [0x007F6BAC+486316]
	Ordinal0 [0x007F6DE5+486885]
	Ordinal0 [0x007F6825+485413]
	Ordinal0 [0x007F30CC+471244]
	Ordinal0 [0x007F67E2+485346]
	Ordinal0 [0x007F6737+485175]
	Ordinal0 [0x00800520+525600]
	Ordinal0 [0x007ACBB9+183225]
	Ordinal0 [0x007ABF2D+180013]
	Ordinal0 [0x007A9E5B+171611]
	Ordinal0 [0x00791DD8+73176]
	Ordinal0 [0x00792E50+77392]
	Ordinal0 [0x00792DE9+77289]
	Ordinal0 [0x0091D7F7+1693687]
	GetHandleVerifier [0x00A74576+522742]
	GetHandleVerifier [0x00A742B4+522036]
	GetHandleVerifier [0x00A89587+608775]
	GetHandleVerifier [0x00A74DE6+524902]
	Ordinal0 [0x00915BDC+1661916]
	Ordinal0 [0x0091F15B+1700187]
	Ordinal0 [0x0091F2C3+1700547]
	Ordinal0 [0x00935135+1790261]
	BaseThreadInitThunk [0x75DE6359+25]
	RtlGetAppContainerNamedObjectPath [0x77C97C14+228]
	RtlGetAppContainerNamedObjectPath [0x77C97BE4+180]

	at java.base/jdk.internal.reflect.NativeConstructorAccessorImpl.newInstance0(Native Method)
	at java.base/jdk.internal.reflect.NativeConstructorAccessorImpl.newInstance(NativeConstructorAccessorImpl.java:62)
	at java.base/jdk.internal.reflect.DelegatingConstructorAccessorImpl.newInstance(DelegatingConstructorAccessorImpl.java:45)
	at java.base/java.lang.reflect.Constructor.newInstance(Constructor.java:490)
	at org.openqa.selenium.remote.W3CHandshakeResponse.lambda$errorHandler$0(W3CHandshakeResponse.java:62)
	at org.openqa.selenium.remote.HandshakeResponse.lambda$getResponseFunction$0(HandshakeResponse.java:30)
	at org.openqa.selenium.remote.ProtocolHandshake.lambda$createSession$0(ProtocolHandshake.java:126)
	at java.base/java.util.stream.ReferencePipeline$3$1.accept(ReferencePipeline.java:195)
	at java.base/java.util.Spliterators$ArraySpliterator.tryAdvance(Spliterators.java:958)
	at java.base/java.util.stream.ReferencePipeline.forEachWithCancel(ReferencePipeline.java:127)
	at java.base/java.util.stream.AbstractPipeline.copyIntoWithCancel(AbstractPipeline.java:502)
	at java.base/java.util.stream.AbstractPipeline.copyInto(AbstractPipeline.java:488)
	at java.base/java.util.stream.AbstractPipeline.wrapAndCopyInto(AbstractPipeline.java:474)
	at java.base/java.util.stream.FindOps$FindOp.evaluateSequential(FindOps.java:150)
	at java.base/java.util.stream.AbstractPipeline.evaluate(AbstractPipeline.java:234)
	at java.base/java.util.stream.ReferencePipeline.findFirst(ReferencePipeline.java:543)
	at org.openqa.selenium.remote.ProtocolHandshake.createSession(ProtocolHandshake.java:128)
	at org.openqa.selenium.remote.ProtocolHandshake.createSession(ProtocolHandshake.java:74)
	at org.openqa.selenium.remote.HttpCommandExecutor.execute(HttpCommandExecutor.java:136)
	at org.openqa.selenium.remote.service.DriverCommandExecutor.execute(DriverCommandExecutor.java:83)
	at org.openqa.selenium.remote.RemoteWebDriver.execute(RemoteWebDriver.java:552)
	at org.openqa.selenium.remote.RemoteWebDriver.startSession(RemoteWebDriver.java:213)
	at org.openqa.selenium.remote.RemoteWebDriver.&lt;init&gt;(RemoteWebDriver.java:131)
	at org.openqa.selenium.chrome.ChromeDriver.&lt;init&gt;(ChromeDriver.java:181)
	at org.openqa.selenium.chrome.ChromeDriver.&lt;init&gt;(ChromeDriver.java:168)
	at org.openqa.selenium.chrome.ChromeDriver.&lt;init&gt;(ChromeDriver.java:123)
	at utils.Configurations.intializeDriver(Configurations.java:70)
	at tests.ChallengeTest.setUp(ChallengeTest.java:68)
	at java.base/jdk.internal.reflect.NativeMethodAccessorImpl.invoke0(Native Method)
	at java.base/jdk.internal.reflect.NativeMethodAccessorImpl.invoke(NativeMethodAccessorImpl.java:62)
	at java.base/jdk.internal.reflect.DelegatingMethodAccessorImpl.invoke(DelegatingMethodAccessorImpl.java:43)
	at java.base/java.lang.reflect.Method.invoke(Method.java:566)
	at org.testng.internal.MethodInvocationHelper.invokeMethod(MethodInvocationHelper.java:134)
	at org.testng.internal.MethodInvocationHelper.invokeMethodConsideringTimeout(MethodInvocationHelper.java:63)
	at org.testng.internal.ConfigInvoker.invokeConfigurationMethod(ConfigInvoker.java:348)
	at org.testng.internal.ConfigInvoker.invokeConfigurations(ConfigInvoker.java:302)
	at org.testng.TestRunner.invokeTestConfigurations(TestRunner.java:619)
	at org.testng.TestRunner.beforeRun(TestRunner.java:609)
	at org.testng.TestRunner.run(TestRunner.java:580)
	at org.testng.SuiteRunner.runTest(SuiteRunner.java:384)
	at org.testng.SuiteRunner.runSequentially(SuiteRunner.java:378)
	at org.testng.SuiteRunner.privateRun(SuiteRunner.java:337)
	at org.testng.SuiteRunner.run(SuiteRunner.java:286)
	at org.testng.SuiteRunnerWorker.runSuite(SuiteRunnerWorker.java:53)
	at org.testng.SuiteRunnerWorker.run(SuiteRunnerWorker.java:96)
	at org.testng.TestNG.runSuitesSequentially(TestNG.java:1187)
	at org.testng.TestNG.runSuitesLocally(TestNG.java:1109)
	at org.testng.TestNG.runSuites(TestNG.java:1039)
	at org.testng.TestNG.run(TestNG.java:1007)
	at org.testng.remote.AbstractRemoteTestNG.run(AbstractRemoteTestNG.java:115)
	at org.testng.remote.RemoteTestNG.initAndRun(RemoteTestNG.java:251)
	at org.testng.remote.RemoteTestNG.main(RemoteTestNG.java:77)
</pre></div><a href='#' onClick='toggleBox("stack-trace424944647", this, "Click to show all stack frames", "Click to hide stack frames")'>Click to show all stack frames</a>
<div class='stack-trace' id='stack-trace424944647'><pre>org.openqa.selenium.SessionNotCreatedException: session not created
from disconnected: Unable to receive message from renderer
  (Session info: chrome=81.0.4044.138)
Build info: version: &apos;3.141.59&apos;, revision: &apos;e82be7d358&apos;, time: &apos;2018-11-14T08:17:03&apos;
System info: host: &apos;DESKTOP-BB7VHJE&apos;, ip: &apos;192.168.1.13&apos;, os.name: &apos;Windows 10&apos;, os.arch: &apos;amd64&apos;, os.version: &apos;10.0&apos;, java.version: &apos;11&apos;
Driver info: driver.version: ChromeDriver
remote stacktrace: Backtrace:
	Ordinal0 [0x009D5E93+2449043]
	Ordinal0 [0x00908281+1606273]
	Ordinal0 [0x007FF889+522377]
	Ordinal0 [0x007F75B5+488885]
	Ordinal0 [0x007F6BAC+486316]
	Ordinal0 [0x007F6DE5+486885]
	Ordinal0 [0x007F6825+485413]
	Ordinal0 [0x007FE5E5+517605]
	Ordinal0 [0x007F67E2+485346]
	Ordinal0 [0x007F7249+488009]
	Ordinal0 [0x007F6BAC+486316]
	Ordinal0 [0x007F6DE5+486885]
	Ordinal0 [0x007F6825+485413]
	Ordinal0 [0x007FCDCE+511438]
	Ordinal0 [0x007F67E2+485346]
	Ordinal0 [0x007F7249+488009]
	Ordinal0 [0x007F6BAC+486316]
	Ordinal0 [0x007F6DE5+486885]
	Ordinal0 [0x007F6825+485413]
	Ordinal0 [0x007FB63C+505404]
	Ordinal0 [0x007F67E2+485346]
	Ordinal0 [0x007F7249+488009]
	Ordinal0 [0x007F6BAC+486316]
	Ordinal0 [0x007F6DE5+486885]
	Ordinal0 [0x007F6825+485413]
	Ordinal0 [0x007FACD7+502999]
	Ordinal0 [0x007F67E2+485346]
	Ordinal0 [0x007F7249+488009]
	Ordinal0 [0x007F6BAC+486316]
	Ordinal0 [0x007F6DE5+486885]
	Ordinal0 [0x007F6825+485413]
	Ordinal0 [0x007F30CC+471244]
	Ordinal0 [0x007F67E2+485346]
	Ordinal0 [0x007F6737+485175]
	Ordinal0 [0x00800520+525600]
	Ordinal0 [0x007ACBB9+183225]
	Ordinal0 [0x007ABF2D+180013]
	Ordinal0 [0x007A9E5B+171611]
	Ordinal0 [0x00791DD8+73176]
	Ordinal0 [0x00792E50+77392]
	Ordinal0 [0x00792DE9+77289]
	Ordinal0 [0x0091D7F7+1693687]
	GetHandleVerifier [0x00A74576+522742]
	GetHandleVerifier [0x00A742B4+522036]
	GetHandleVerifier [0x00A89587+608775]
	GetHandleVerifier [0x00A74DE6+524902]
	Ordinal0 [0x00915BDC+1661916]
	Ordinal0 [0x0091F15B+1700187]
	Ordinal0 [0x0091F2C3+1700547]
	Ordinal0 [0x00935135+1790261]
	BaseThreadInitThunk [0x75DE6359+25]
	RtlGetAppContainerNamedObjectPath [0x77C97C14+228]
	RtlGetAppContainerNamedObjectPath [0x77C97BE4+180]

	at java.base/jdk.internal.reflect.NativeConstructorAccessorImpl.newInstance0(Native Method)
	at java.base/jdk.internal.reflect.NativeConstructorAccessorImpl.newInstance(NativeConstructorAccessorImpl.java:62)
	at java.base/jdk.internal.reflect.DelegatingConstructorAccessorImpl.newInstance(DelegatingConstructorAccessorImpl.java:45)
	at java.base/java.lang.reflect.Constructor.newInstance(Constructor.java:490)
	at org.openqa.selenium.remote.W3CHandshakeResponse.lambda$errorHandler$0(W3CHandshakeResponse.java:62)
	at org.openqa.selenium.remote.HandshakeResponse.lambda$getResponseFunction$0(HandshakeResponse.java:30)
	at org.openqa.selenium.remote.ProtocolHandshake.lambda$createSession$0(ProtocolHandshake.java:126)
	at java.base/java.util.stream.ReferencePipeline$3$1.accept(ReferencePipeline.java:195)
	at java.base/java.util.Spliterators$ArraySpliterator.tryAdvance(Spliterators.java:958)
	at java.base/java.util.stream.ReferencePipeline.forEachWithCancel(ReferencePipeline.java:127)
	at java.base/java.util.stream.AbstractPipeline.copyIntoWithCancel(AbstractPipeline.java:502)
	at java.base/java.util.stream.AbstractPipeline.copyInto(AbstractPipeline.java:488)
	at java.base/java.util.stream.AbstractPipeline.wrapAndCopyInto(AbstractPipeline.java:474)
	at java.base/java.util.stream.FindOps$FindOp.evaluateSequential(FindOps.java:150)
	at java.base/java.util.stream.AbstractPipeline.evaluate(AbstractPipeline.java:234)
	at java.base/java.util.stream.ReferencePipeline.findFirst(ReferencePipeline.java:543)
	at org.openqa.selenium.remote.ProtocolHandshake.createSession(ProtocolHandshake.java:128)
	at org.openqa.selenium.remote.ProtocolHandshake.createSession(ProtocolHandshake.java:74)
	at org.openqa.selenium.remote.HttpCommandExecutor.execute(HttpCommandExecutor.java:136)
	at org.openqa.selenium.remote.service.DriverCommandExecutor.execute(DriverCommandExecutor.java:83)
	at org.openqa.selenium.remote.RemoteWebDriver.execute(RemoteWebDriver.java:552)
	at org.openqa.selenium.remote.RemoteWebDriver.startSession(RemoteWebDriver.java:213)
	at org.openqa.selenium.remote.RemoteWebDriver.&lt;init&gt;(RemoteWebDriver.java:131)
	at org.openqa.selenium.chrome.ChromeDriver.&lt;init&gt;(ChromeDriver.java:181)
	at org.openqa.selenium.chrome.ChromeDriver.&lt;init&gt;(ChromeDriver.java:168)
	at org.openqa.selenium.chrome.ChromeDriver.&lt;init&gt;(ChromeDriver.java:123)
	at utils.Configurations.intializeDriver(Configurations.java:70)
	at tests.ChallengeTest.setUp(ChallengeTest.java:68)
	at java.base/jdk.internal.reflect.NativeMethodAccessorImpl.invoke0(Native Method)
	at java.base/jdk.internal.reflect.NativeMethodAccessorImpl.invoke(NativeMethodAccessorImpl.java:62)
	at java.base/jdk.internal.reflect.DelegatingMethodAccessorImpl.invoke(DelegatingMethodAccessorImpl.java:43)
	at java.base/java.lang.reflect.Method.invoke(Method.java:566)
	at org.testng.internal.MethodInvocationHelper.invokeMethod(MethodInvocationHelper.java:134)
	at org.testng.internal.MethodInvocationHelper.invokeMethodConsideringTimeout(MethodInvocationHelper.java:63)
	at org.testng.internal.ConfigInvoker.invokeConfigurationMethod(ConfigInvoker.java:348)
	at org.testng.internal.ConfigInvoker.invokeConfigurations(ConfigInvoker.java:302)
	at org.testng.TestRunner.invokeTestConfigurations(TestRunner.java:619)
	at org.testng.TestRunner.beforeRun(TestRunner.java:609)
	at org.testng.TestRunner.run(TestRunner.java:580)
	at org.testng.SuiteRunner.runTest(SuiteRunner.java:384)
	at org.testng.SuiteRunner.runSequentially(SuiteRunner.java:378)
	at org.testng.SuiteRunner.privateRun(SuiteRunner.java:337)
	at org.testng.SuiteRunner.run(SuiteRunner.java:286)
	at org.testng.SuiteRunnerWorker.runSuite(SuiteRunnerWorker.java:53)
	at org.testng.SuiteRunnerWorker.run(SuiteRunnerWorker.java:96)
	at org.testng.TestNG.runSuitesSequentially(TestNG.java:1187)
	at org.testng.TestNG.runSuitesLocally(TestNG.java:1109)
	at org.testng.TestNG.runSuites(TestNG.java:1039)
	at org.testng.TestNG.run(TestNG.java:1007)
	at org.testng.remote.AbstractRemoteTestNG.run(AbstractRemoteTestNG.java:115)
	at org.testng.remote.RemoteTestNG.initAndRun(RemoteTestNG.java:251)
	at org.testng.remote.RemoteTestNG.main(RemoteTestNG.java:77)
</pre></div></td>
<td>0</td>
<td>tests.ChallengeTest@68567e20</td></tr>
<tr>
<td title='tests.ChallengeTest.userRegister()'><b>userRegister</b><br>Test class: tests.ChallengeTest<br>Test method: Testing that user can register successfully</td>
<td><div><pre>org.openqa.selenium.SessionNotCreatedException: session not created
from disconnected: Unable to receive message from renderer
  (Session info: chrome=81.0.4044.138)
Build info: version: &apos;3.141.59&apos;, revision: &apos;e82be7d358&apos;, time: &apos;2018-11-14T08:17:03&apos;
System info: host: &apos;DESKTOP-BB7VHJE&apos;, ip: &apos;192.168.1.13&apos;, os.name: &apos;Windows 10&apos;, os.arch: &apos;amd64&apos;, os.version: &apos;10.0&apos;, java.version: &apos;11&apos;
Driver info: driver.version: ChromeDriver
remote stacktrace: Backtrace:
	Ordinal0 [0x009D5E93+2449043]
	Ordinal0 [0x00908281+1606273]
	Ordinal0 [0x007FF889+522377]
	Ordinal0 [0x007F75B5+488885]
	Ordinal0 [0x007F6BAC+486316]
	Ordinal0 [0x007F6DE5+486885]
	Ordinal0 [0x007F6825+485413]
	Ordinal0 [0x007FE5E5+517605]
	Ordinal0 [0x007F67E2+485346]
	Ordinal0 [0x007F7249+488009]
	Ordinal0 [0x007F6BAC+486316]
	Ordinal0 [0x007F6DE5+486885]
	Ordinal0 [0x007F6825+485413]
	Ordinal0 [0x007FCDCE+511438]
	Ordinal0 [0x007F67E2+485346]
	Ordinal0 [0x007F7249+488009]
	Ordinal0 [0x007F6BAC+486316]
	Ordinal0 [0x007F6DE5+486885]
	Ordinal0 [0x007F6825+485413]
	Ordinal0 [0x007FB63C+505404]
	Ordinal0 [0x007F67E2+485346]
	Ordinal0 [0x007F7249+488009]
	Ordinal0 [0x007F6BAC+486316]
	Ordinal0 [0x007F6DE5+486885]
	Ordinal0 [0x007F6825+485413]
	Ordinal0 [0x007FACD7+502999]
	Ordinal0 [0x007F67E2+485346]
	Ordinal0 [0x007F7249+488009]
	Ordinal0 [0x007F6BAC+486316]
	Ordinal0 [0x007F6DE5+486885]
	Ordinal0 [0x007F6825+485413]
	Ordinal0 [0x007F30CC+471244]
	Ordinal0 [0x007F67E2+485346]
	Ordinal0 [0x007F6737+485175]
	Ordinal0 [0x00800520+525600]
	Ordinal0 [0x007ACBB9+183225]
	Ordinal0 [0x007ABF2D+180013]
	Ordinal0 [0x007A9E5B+171611]
	Ordinal0 [0x00791DD8+73176]
	Ordinal0 [0x00792E50+77392]
	Ordinal0 [0x00792DE9+77289]
	Ordinal0 [0x0091D7F7+1693687]
	GetHandleVerifier [0x00A74576+522742]
	GetHandleVerifier [0x00A742B4+522036]
	GetHandleVerifier [0x00A89587+608775]
	GetHandleVerifier [0x00A74DE6+524902]
	Ordinal0 [0x00915BDC+1661916]
	Ordinal0 [0x0091F15B+1700187]
	Ordinal0 [0x0091F2C3+1700547]
	Ordinal0 [0x00935135+1790261]
	BaseThreadInitThunk [0x75DE6359+25]
	RtlGetAppContainerNamedObjectPath [0x77C97C14+228]
	RtlGetAppContainerNamedObjectPath [0x77C97BE4+180]

	at java.base/jdk.internal.reflect.NativeConstructorAccessorImpl.newInstance0(Native Method)
	at java.base/jdk.internal.reflect.NativeConstructorAccessorImpl.newInstance(NativeConstructorAccessorImpl.java:62)
	at java.base/jdk.internal.reflect.DelegatingConstructorAccessorImpl.newInstance(DelegatingConstructorAccessorImpl.java:45)
	at java.base/java.lang.reflect.Constructor.newInstance(Constructor.java:490)
	at org.openqa.selenium.remote.W3CHandshakeResponse.lambda$errorHandler$0(W3CHandshakeResponse.java:62)
	at org.openqa.selenium.remote.HandshakeResponse.lambda$getResponseFunction$0(HandshakeResponse.java:30)
	at org.openqa.selenium.remote.ProtocolHandshake.lambda$createSession$0(ProtocolHandshake.java:126)
	at java.base/java.util.stream.ReferencePipeline$3$1.accept(ReferencePipeline.java:195)
	at java.base/java.util.Spliterators$ArraySpliterator.tryAdvance(Spliterators.java:958)
	at java.base/java.util.stream.ReferencePipeline.forEachWithCancel(ReferencePipeline.java:127)
	at java.base/java.util.stream.AbstractPipeline.copyIntoWithCancel(AbstractPipeline.java:502)
	at java.base/java.util.stream.AbstractPipeline.copyInto(AbstractPipeline.java:488)
	at java.base/java.util.stream.AbstractPipeline.wrapAndCopyInto(AbstractPipeline.java:474)
	at java.base/java.util.stream.FindOps$FindOp.evaluateSequential(FindOps.java:150)
	at java.base/java.util.stream.AbstractPipeline.evaluate(AbstractPipeline.java:234)
	at java.base/java.util.stream.ReferencePipeline.findFirst(ReferencePipeline.java:543)
	at org.openqa.selenium.remote.ProtocolHandshake.createSession(ProtocolHandshake.java:128)
	at org.openqa.selenium.remote.ProtocolHandshake.createSession(ProtocolHandshake.java:74)
	at org.openqa.selenium.remote.HttpCommandExecutor.execute(HttpCommandExecutor.java:136)
	at org.openqa.selenium.remote.service.DriverCommandExecutor.execute(DriverCommandExecutor.java:83)
	at org.openqa.selenium.remote.RemoteWebDriver.execute(RemoteWebDriver.java:552)
	at org.openqa.selenium.remote.RemoteWebDriver.startSession(RemoteWebDriver.java:213)
	at org.openqa.selenium.remote.RemoteWebDriver.&lt;init&gt;(RemoteWebDriver.java:131)
	at org.openqa.selenium.chrome.ChromeDriver.&lt;init&gt;(ChromeDriver.java:181)
	at org.openqa.selenium.chrome.ChromeDriver.&lt;init&gt;(ChromeDriver.java:168)
	at org.openqa.selenium.chrome.ChromeDriver.&lt;init&gt;(ChromeDriver.java:123)
	at utils.Configurations.intializeDriver(Configurations.java:70)
	at tests.ChallengeTest.setUp(ChallengeTest.java:68)
	at java.base/jdk.internal.reflect.NativeMethodAccessorImpl.invoke0(Native Method)
	at java.base/jdk.internal.reflect.NativeMethodAccessorImpl.invoke(NativeMethodAccessorImpl.java:62)
	at java.base/jdk.internal.reflect.DelegatingMethodAccessorImpl.invoke(DelegatingMethodAccessorImpl.java:43)
	at java.base/java.lang.reflect.Method.invoke(Method.java:566)
	at org.testng.internal.MethodInvocationHelper.invokeMethod(MethodInvocationHelper.java:134)
	at org.testng.internal.MethodInvocationHelper.invokeMethodConsideringTimeout(MethodInvocationHelper.java:63)
	at org.testng.internal.ConfigInvoker.invokeConfigurationMethod(ConfigInvoker.java:348)
	at org.testng.internal.ConfigInvoker.invokeConfigurations(ConfigInvoker.java:302)
	at org.testng.TestRunner.invokeTestConfigurations(TestRunner.java:619)
	at org.testng.TestRunner.beforeRun(TestRunner.java:609)
	at org.testng.TestRunner.run(TestRunner.java:580)
	at org.testng.SuiteRunner.runTest(SuiteRunner.java:384)
	at org.testng.SuiteRunner.runSequentially(SuiteRunner.java:378)
	at org.testng.SuiteRunner.privateRun(SuiteRunner.java:337)
	at org.testng.SuiteRunner.run(SuiteRunner.java:286)
	at org.testng.SuiteRunnerWorker.runSuite(SuiteRunnerWorker.java:53)
	at org.testng.SuiteRunnerWorker.run(SuiteRunnerWorker.java:96)
	at org.testng.TestNG.runSuitesSequentially(TestNG.java:1187)
	at org.testng.TestNG.runSuitesLocally(TestNG.java:1109)
	at org.testng.TestNG.runSuites(TestNG.java:1039)
	at org.testng.TestNG.run(TestNG.java:1007)
	at org.testng.remote.AbstractRemoteTestNG.run(AbstractRemoteTestNG.java:115)
	at org.testng.remote.RemoteTestNG.initAndRun(RemoteTestNG.java:251)
	at org.testng.remote.RemoteTestNG.main(RemoteTestNG.java:77)
</pre></div><a href='#' onClick='toggleBox("stack-trace1596144422", this, "Click to show all stack frames", "Click to hide stack frames")'>Click to show all stack frames</a>
<div class='stack-trace' id='stack-trace1596144422'><pre>org.openqa.selenium.SessionNotCreatedException: session not created
from disconnected: Unable to receive message from renderer
  (Session info: chrome=81.0.4044.138)
Build info: version: &apos;3.141.59&apos;, revision: &apos;e82be7d358&apos;, time: &apos;2018-11-14T08:17:03&apos;
System info: host: &apos;DESKTOP-BB7VHJE&apos;, ip: &apos;192.168.1.13&apos;, os.name: &apos;Windows 10&apos;, os.arch: &apos;amd64&apos;, os.version: &apos;10.0&apos;, java.version: &apos;11&apos;
Driver info: driver.version: ChromeDriver
remote stacktrace: Backtrace:
	Ordinal0 [0x009D5E93+2449043]
	Ordinal0 [0x00908281+1606273]
	Ordinal0 [0x007FF889+522377]
	Ordinal0 [0x007F75B5+488885]
	Ordinal0 [0x007F6BAC+486316]
	Ordinal0 [0x007F6DE5+486885]
	Ordinal0 [0x007F6825+485413]
	Ordinal0 [0x007FE5E5+517605]
	Ordinal0 [0x007F67E2+485346]
	Ordinal0 [0x007F7249+488009]
	Ordinal0 [0x007F6BAC+486316]
	Ordinal0 [0x007F6DE5+486885]
	Ordinal0 [0x007F6825+485413]
	Ordinal0 [0x007FCDCE+511438]
	Ordinal0 [0x007F67E2+485346]
	Ordinal0 [0x007F7249+488009]
	Ordinal0 [0x007F6BAC+486316]
	Ordinal0 [0x007F6DE5+486885]
	Ordinal0 [0x007F6825+485413]
	Ordinal0 [0x007FB63C+505404]
	Ordinal0 [0x007F67E2+485346]
	Ordinal0 [0x007F7249+488009]
	Ordinal0 [0x007F6BAC+486316]
	Ordinal0 [0x007F6DE5+486885]
	Ordinal0 [0x007F6825+485413]
	Ordinal0 [0x007FACD7+502999]
	Ordinal0 [0x007F67E2+485346]
	Ordinal0 [0x007F7249+488009]
	Ordinal0 [0x007F6BAC+486316]
	Ordinal0 [0x007F6DE5+486885]
	Ordinal0 [0x007F6825+485413]
	Ordinal0 [0x007F30CC+471244]
	Ordinal0 [0x007F67E2+485346]
	Ordinal0 [0x007F6737+485175]
	Ordinal0 [0x00800520+525600]
	Ordinal0 [0x007ACBB9+183225]
	Ordinal0 [0x007ABF2D+180013]
	Ordinal0 [0x007A9E5B+171611]
	Ordinal0 [0x00791DD8+73176]
	Ordinal0 [0x00792E50+77392]
	Ordinal0 [0x00792DE9+77289]
	Ordinal0 [0x0091D7F7+1693687]
	GetHandleVerifier [0x00A74576+522742]
	GetHandleVerifier [0x00A742B4+522036]
	GetHandleVerifier [0x00A89587+608775]
	GetHandleVerifier [0x00A74DE6+524902]
	Ordinal0 [0x00915BDC+1661916]
	Ordinal0 [0x0091F15B+1700187]
	Ordinal0 [0x0091F2C3+1700547]
	Ordinal0 [0x00935135+1790261]
	BaseThreadInitThunk [0x75DE6359+25]
	RtlGetAppContainerNamedObjectPath [0x77C97C14+228]
	RtlGetAppContainerNamedObjectPath [0x77C97BE4+180]

	at java.base/jdk.internal.reflect.NativeConstructorAccessorImpl.newInstance0(Native Method)
	at java.base/jdk.internal.reflect.NativeConstructorAccessorImpl.newInstance(NativeConstructorAccessorImpl.java:62)
	at java.base/jdk.internal.reflect.DelegatingConstructorAccessorImpl.newInstance(DelegatingConstructorAccessorImpl.java:45)
	at java.base/java.lang.reflect.Constructor.newInstance(Constructor.java:490)
	at org.openqa.selenium.remote.W3CHandshakeResponse.lambda$errorHandler$0(W3CHandshakeResponse.java:62)
	at org.openqa.selenium.remote.HandshakeResponse.lambda$getResponseFunction$0(HandshakeResponse.java:30)
	at org.openqa.selenium.remote.ProtocolHandshake.lambda$createSession$0(ProtocolHandshake.java:126)
	at java.base/java.util.stream.ReferencePipeline$3$1.accept(ReferencePipeline.java:195)
	at java.base/java.util.Spliterators$ArraySpliterator.tryAdvance(Spliterators.java:958)
	at java.base/java.util.stream.ReferencePipeline.forEachWithCancel(ReferencePipeline.java:127)
	at java.base/java.util.stream.AbstractPipeline.copyIntoWithCancel(AbstractPipeline.java:502)
	at java.base/java.util.stream.AbstractPipeline.copyInto(AbstractPipeline.java:488)
	at java.base/java.util.stream.AbstractPipeline.wrapAndCopyInto(AbstractPipeline.java:474)
	at java.base/java.util.stream.FindOps$FindOp.evaluateSequential(FindOps.java:150)
	at java.base/java.util.stream.AbstractPipeline.evaluate(AbstractPipeline.java:234)
	at java.base/java.util.stream.ReferencePipeline.findFirst(ReferencePipeline.java:543)
	at org.openqa.selenium.remote.ProtocolHandshake.createSession(ProtocolHandshake.java:128)
	at org.openqa.selenium.remote.ProtocolHandshake.createSession(ProtocolHandshake.java:74)
	at org.openqa.selenium.remote.HttpCommandExecutor.execute(HttpCommandExecutor.java:136)
	at org.openqa.selenium.remote.service.DriverCommandExecutor.execute(DriverCommandExecutor.java:83)
	at org.openqa.selenium.remote.RemoteWebDriver.execute(RemoteWebDriver.java:552)
	at org.openqa.selenium.remote.RemoteWebDriver.startSession(RemoteWebDriver.java:213)
	at org.openqa.selenium.remote.RemoteWebDriver.&lt;init&gt;(RemoteWebDriver.java:131)
	at org.openqa.selenium.chrome.ChromeDriver.&lt;init&gt;(ChromeDriver.java:181)
	at org.openqa.selenium.chrome.ChromeDriver.&lt;init&gt;(ChromeDriver.java:168)
	at org.openqa.selenium.chrome.ChromeDriver.&lt;init&gt;(ChromeDriver.java:123)
	at utils.Configurations.intializeDriver(Configurations.java:70)
	at tests.ChallengeTest.setUp(ChallengeTest.java:68)
	at java.base/jdk.internal.reflect.NativeMethodAccessorImpl.invoke0(Native Method)
	at java.base/jdk.internal.reflect.NativeMethodAccessorImpl.invoke(NativeMethodAccessorImpl.java:62)
	at java.base/jdk.internal.reflect.DelegatingMethodAccessorImpl.invoke(DelegatingMethodAccessorImpl.java:43)
	at java.base/java.lang.reflect.Method.invoke(Method.java:566)
	at org.testng.internal.MethodInvocationHelper.invokeMethod(MethodInvocationHelper.java:134)
	at org.testng.internal.MethodInvocationHelper.invokeMethodConsideringTimeout(MethodInvocationHelper.java:63)
	at org.testng.internal.ConfigInvoker.invokeConfigurationMethod(ConfigInvoker.java:348)
	at org.testng.internal.ConfigInvoker.invokeConfigurations(ConfigInvoker.java:302)
	at org.testng.TestRunner.invokeTestConfigurations(TestRunner.java:619)
	at org.testng.TestRunner.beforeRun(TestRunner.java:609)
	at org.testng.TestRunner.run(TestRunner.java:580)
	at org.testng.SuiteRunner.runTest(SuiteRunner.java:384)
	at org.testng.SuiteRunner.runSequentially(SuiteRunner.java:378)
	at org.testng.SuiteRunner.privateRun(SuiteRunner.java:337)
	at org.testng.SuiteRunner.run(SuiteRunner.java:286)
	at org.testng.SuiteRunnerWorker.runSuite(SuiteRunnerWorker.java:53)
	at org.testng.SuiteRunnerWorker.run(SuiteRunnerWorker.java:96)
	at org.testng.TestNG.runSuitesSequentially(TestNG.java:1187)
	at org.testng.TestNG.runSuitesLocally(TestNG.java:1109)
	at org.testng.TestNG.runSuites(TestNG.java:1039)
	at org.testng.TestNG.run(TestNG.java:1007)
	at org.testng.remote.AbstractRemoteTestNG.run(AbstractRemoteTestNG.java:115)
	at org.testng.remote.RemoteTestNG.initAndRun(RemoteTestNG.java:251)
	at org.testng.remote.RemoteTestNG.main(RemoteTestNG.java:77)
</pre></div></td>
<td>0</td>
<td>tests.ChallengeTest@68567e20</td></tr>
</table><p>
</body>
</html>