<!DOCTYPE html PUBLIC "-//W3C//DTD XHTML 1.1//EN" "http://www.w3.org/TR/xhtml11/DTD/xhtml11.dtd">
<html xmlns="http://www.w3.org/1999/xhtml">
<head>
<meta http-equiv="content-type" content="text/html; charset=UTF-8"/>
<title>TestNG Report</title>
<style type="text/css">table {margin-bottom:10px;border-collapse:collapse;empty-cells:show}th,td {border:1px solid #009;padding:.25em .5em}th {vertical-align:bottom}td {vertical-align:top}table a {font-weight:bold}.stripe td {background-color: #E6EBF9}.num {text-align:right}.passedodd td {background-color: #3F3}.passedeven td {background-color: #0A0}.skippedodd td {background-color: #DDD}.skippedeven td {background-color: #CCC}.failedodd td,.attn {background-color: #F33}.failedeven td,.stripe .attn {background-color: #D00}.stacktrace {white-space:pre;font-family:monospace}.totop {font-size:85%;text-align:center;border-bottom:2px solid #000}.invisible {display:none}</style>
</head>
<body>
<table>
<tr><th>Test</th><th># Passed</th><th># Skipped</th><th># Retried</th><th># Failed</th><th>Time (ms)</th><th>Included Groups</th><th>Excluded Groups</th></tr>
<tr><th colspan="8">Default suite</th></tr>
<tr><td><a href="#t0">Default test</a></td><td class="num">0</td><td class="num attn">2</td><td class="num">0</td><td class="num">0</td><td class="num">4,513</td><td></td><td></td></tr>
</table>
<table id='summary'><thead><tr><th>Class</th><th>Method</th><th>Start</th><th>Time (ms)</th></tr></thead><tbody><tr><th colspan="4">Default suite</th></tr></tbody><tbody id="t0"><tr><th colspan="4">Default test &#8212; failed (configuration methods)</th></tr><tr class="failedeven"><td rowspan="1">tests.ChallengeTest</td><td><a href="#m0">setUp</a></td><td rowspan="1">1589234558935</td><td rowspan="1">4446</td></tr><tr><th colspan="4">Default test &#8212; skipped (configuration methods)</th></tr><tr class="skippedeven"><td rowspan="1">tests.ChallengeTest</td><td><a href="#m1">wrapUp</a></td><td rowspan="1">1589234563441</td><td rowspan="1">-1589234563441</td></tr><tr><th colspan="4">Default test &#8212; skipped</th></tr><tr class="skippedeven"><td rowspan="2">tests.ChallengeTest</td><td><a href="#m2">userLoginAfterRegisteration</a></td><td rowspan="1">1589234563435</td><td rowspan="1">0</td></tr><tr class="skippedeven"><td><a href="#m3">userRegister</a></td><td rowspan="1">1589234563424</td><td rowspan="1">0</td></tr></tbody>
</table>
<h2>Default test</h2><h3 id="m0">tests.ChallengeTest#setUp</h3><table class="result"><tr><th>Exception</th></tr><tr><td><div class="stacktrace">org.openqa.selenium.SessionNotCreatedException: session not created
from disconnected: Unable to receive message from renderer
  (Session info: chrome=81.0.4044.138)
Build info: version: &apos;3.141.59&apos;, revision: &apos;e82be7d358&apos;, time: &apos;2018-11-14T08:17:03&apos;
System info: host: &apos;DESKTOP-BB7VHJE&apos;, ip: &apos;192.168.1.13&apos;, os.name: &apos;Windows 10&apos;, os.arch: &apos;amd64&apos;, os.version: &apos;10.0&apos;, java.version: &apos;11&apos;
Driver info: driver.version: ChromeDriver
remote stacktrace: Backtrace:
	Ordinal0 [0x009D5E93+2449043]
	Ordinal0 [0x00908281+1606273]
	Ordinal0 [0x007FF889+522377]
	Ordinal0 [0x007F75B5+488885]
	Ordinal0 [0x007F6BAC+486316]
	Ordinal0 [0x007F6DE5+486885]
	Ordinal0 [0x007F6825+485413]
	Ordinal0 [0x007FE5E5+517605]
	Ordinal0 [0x007F67E2+485346]
	Ordinal0 [0x007F7249+488009]
	Ordinal0 [0x007F6BAC+486316]
	Ordinal0 [0x007F6DE5+486885]
	Ordinal0 [0x007F6825+485413]
	Ordinal0 [0x007FCDCE+511438]
	Ordinal0 [0x007F67E2+485346]
	Ordinal0 [0x007F7249+488009]
	Ordinal0 [0x007F6BAC+486316]
	Ordinal0 [0x007F6DE5+486885]
	Ordinal0 [0x007F6825+485413]
	Ordinal0 [0x007FB63C+505404]
	Ordinal0 [0x007F67E2+485346]
	Ordinal0 [0x007F7249+488009]
	Ordinal0 [0x007F6BAC+486316]
	Ordinal0 [0x007F6DE5+486885]
	Ordinal0 [0x007F6825+485413]
	Ordinal0 [0x007FACD7+502999]
	Ordinal0 [0x007F67E2+485346]
	Ordinal0 [0x007F7249+488009]
	Ordinal0 [0x007F6BAC+486316]
	Ordinal0 [0x007F6DE5+486885]
	Ordinal0 [0x007F6825+485413]
	Ordinal0 [0x007F30CC+471244]
	Ordinal0 [0x007F67E2+485346]
	Ordinal0 [0x007F6737+485175]
	Ordinal0 [0x00800520+525600]
	Ordinal0 [0x007ACBB9+183225]
	Ordinal0 [0x007ABF2D+180013]
	Ordinal0 [0x007A9E5B+171611]
	Ordinal0 [0x00791DD8+73176]
	Ordinal0 [0x00792E50+77392]
	Ordinal0 [0x00792DE9+77289]
	Ordinal0 [0x0091D7F7+1693687]
	GetHandleVerifier [0x00A74576+522742]
	GetHandleVerifier [0x00A742B4+522036]
	GetHandleVerifier [0x00A89587+608775]
	GetHandleVerifier [0x00A74DE6+524902]
	Ordinal0 [0x00915BDC+1661916]
	Ordinal0 [0x0091F15B+1700187]
	Ordinal0 [0x0091F2C3+1700547]
	Ordinal0 [0x00935135+1790261]
	BaseThreadInitThunk [0x75DE6359+25]
	RtlGetAppContainerNamedObjectPath [0x77C97C14+228]
	RtlGetAppContainerNamedObjectPath [0x77C97BE4+180]

	at java.base/jdk.internal.reflect.NativeConstructorAccessorImpl.newInstance0(Native Method)
	at java.base/jdk.internal.reflect.NativeConstructorAccessorImpl.newInstance(NativeConstructorAccessorImpl.java:62)
	at java.base/jdk.internal.reflect.DelegatingConstructorAccessorImpl.newInstance(DelegatingConstructorAccessorImpl.java:45)
	at java.base/java.lang.reflect.Constructor.newInstance(Constructor.java:490)
	at org.openqa.selenium.remote.W3CHandshakeResponse.lambda$errorHandler$0(W3CHandshakeResponse.java:62)
	at org.openqa.selenium.remote.HandshakeResponse.lambda$getResponseFunction$0(HandshakeResponse.java:30)
	at org.openqa.selenium.remote.ProtocolHandshake.lambda$createSession$0(ProtocolHandshake.java:126)
	at java.base/java.util.stream.ReferencePipeline$3$1.accept(ReferencePipeline.java:195)
	at java.base/java.util.Spliterators$ArraySpliterator.tryAdvance(Spliterators.java:958)
	at java.base/java.util.stream.ReferencePipeline.forEachWithCancel(ReferencePipeline.java:127)
	at java.base/java.util.stream.AbstractPipeline.copyIntoWithCancel(AbstractPipeline.java:502)
	at java.base/java.util.stream.AbstractPipeline.copyInto(AbstractPipeline.java:488)
	at java.base/java.util.stream.AbstractPipeline.wrapAndCopyInto(AbstractPipeline.java:474)
	at java.base/java.util.stream.FindOps$FindOp.evaluateSequential(FindOps.java:150)
	at java.base/java.util.stream.AbstractPipeline.evaluate(AbstractPipeline.java:234)
	at java.base/java.util.stream.ReferencePipeline.findFirst(ReferencePipeline.java:543)
	at org.openqa.selenium.remote.ProtocolHandshake.createSession(ProtocolHandshake.java:128)
	at org.openqa.selenium.remote.ProtocolHandshake.createSession(ProtocolHandshake.java:74)
	at org.openqa.selenium.remote.HttpCommandExecutor.execute(HttpCommandExecutor.java:136)
	at org.openqa.selenium.remote.service.DriverCommandExecutor.execute(DriverCommandExecutor.java:83)
	at org.openqa.selenium.remote.RemoteWebDriver.execute(RemoteWebDriver.java:552)
	at org.openqa.selenium.remote.RemoteWebDriver.startSession(RemoteWebDriver.java:213)
	at org.openqa.selenium.remote.RemoteWebDriver.&lt;init&gt;(RemoteWebDriver.java:131)
	at org.openqa.selenium.chrome.ChromeDriver.&lt;init&gt;(ChromeDriver.java:181)
	at org.openqa.selenium.chrome.ChromeDriver.&lt;init&gt;(ChromeDriver.java:168)
	at org.openqa.selenium.chrome.ChromeDriver.&lt;init&gt;(ChromeDriver.java:123)
	at utils.Configurations.intializeDriver(Configurations.java:70)
	at tests.ChallengeTest.setUp(ChallengeTest.java:68)
	at java.base/jdk.internal.reflect.NativeMethodAccessorImpl.invoke0(Native Method)
	at java.base/jdk.internal.reflect.NativeMethodAccessorImpl.invoke(NativeMethodAccessorImpl.java:62)
	at java.base/jdk.internal.reflect.DelegatingMethodAccessorImpl.invoke(DelegatingMethodAccessorImpl.java:43)
	at java.base/java.lang.reflect.Method.invoke(Method.java:566)
	at org.testng.internal.MethodInvocationHelper.invokeMethod(MethodInvocationHelper.java:134)
	at org.testng.internal.MethodInvocationHelper.invokeMethodConsideringTimeout(MethodInvocationHelper.java:63)
	at org.testng.internal.ConfigInvoker.invokeConfigurationMethod(ConfigInvoker.java:348)
	at org.testng.internal.ConfigInvoker.invokeConfigurations(ConfigInvoker.java:302)
	at org.testng.TestRunner.invokeTestConfigurations(TestRunner.java:619)
	at org.testng.TestRunner.beforeRun(TestRunner.java:609)
	at org.testng.TestRunner.run(TestRunner.java:580)
	at org.testng.SuiteRunner.runTest(SuiteRunner.java:384)
	at org.testng.SuiteRunner.runSequentially(SuiteRunner.java:378)
	at org.testng.SuiteRunner.privateRun(SuiteRunner.java:337)
	at org.testng.SuiteRunner.run(SuiteRunner.java:286)
	at org.testng.SuiteRunnerWorker.runSuite(SuiteRunnerWorker.java:53)
	at org.testng.SuiteRunnerWorker.run(SuiteRunnerWorker.java:96)
	at org.testng.TestNG.runSuitesSequentially(TestNG.java:1187)
	at org.testng.TestNG.runSuitesLocally(TestNG.java:1109)
	at org.testng.TestNG.runSuites(TestNG.java:1039)
	at org.testng.TestNG.run(TestNG.java:1007)
	at org.testng.remote.AbstractRemoteTestNG.run(AbstractRemoteTestNG.java:115)
	at org.testng.remote.RemoteTestNG.initAndRun(RemoteTestNG.java:251)
	at org.testng.remote.RemoteTestNG.main(RemoteTestNG.java:77)
</div></td></tr></table><p class="totop"><a href="#summary">back to summary</a></p>
<h3 id="m1">tests.ChallengeTest#wrapUp</h3><table class="result"><tr><th class="invisible"/></tr></table><p class="totop"><a href="#summary">back to summary</a></p>
<h3 id="m2">tests.ChallengeTest#userLoginAfterRegisteration</h3><table class="result"><tr><th>Exception</th></tr><tr><td><div class="stacktrace">org.openqa.selenium.SessionNotCreatedException: session not created
from disconnected: Unable to receive message from renderer
  (Session info: chrome=81.0.4044.138)
Build info: version: &apos;3.141.59&apos;, revision: &apos;e82be7d358&apos;, time: &apos;2018-11-14T08:17:03&apos;
System info: host: &apos;DESKTOP-BB7VHJE&apos;, ip: &apos;192.168.1.13&apos;, os.name: &apos;Windows 10&apos;, os.arch: &apos;amd64&apos;, os.version: &apos;10.0&apos;, java.version: &apos;11&apos;
Driver info: driver.version: ChromeDriver
remote stacktrace: Backtrace:
	Ordinal0 [0x009D5E93+2449043]
	Ordinal0 [0x00908281+1606273]
	Ordinal0 [0x007FF889+522377]
	Ordinal0 [0x007F75B5+488885]
	Ordinal0 [0x007F6BAC+486316]
	Ordinal0 [0x007F6DE5+486885]
	Ordinal0 [0x007F6825+485413]
	Ordinal0 [0x007FE5E5+517605]
	Ordinal0 [0x007F67E2+485346]
	Ordinal0 [0x007F7249+488009]
	Ordinal0 [0x007F6BAC+486316]
	Ordinal0 [0x007F6DE5+486885]
	Ordinal0 [0x007F6825+485413]
	Ordinal0 [0x007FCDCE+511438]
	Ordinal0 [0x007F67E2+485346]
	Ordinal0 [0x007F7249+488009]
	Ordinal0 [0x007F6BAC+486316]
	Ordinal0 [0x007F6DE5+486885]
	Ordinal0 [0x007F6825+485413]
	Ordinal0 [0x007FB63C+505404]
	Ordinal0 [0x007F67E2+485346]
	Ordinal0 [0x007F7249+488009]
	Ordinal0 [0x007F6BAC+486316]
	Ordinal0 [0x007F6DE5+486885]
	Ordinal0 [0x007F6825+485413]
	Ordinal0 [0x007FACD7+502999]
	Ordinal0 [0x007F67E2+485346]
	Ordinal0 [0x007F7249+488009]
	Ordinal0 [0x007F6BAC+486316]
	Ordinal0 [0x007F6DE5+486885]
	Ordinal0 [0x007F6825+485413]
	Ordinal0 [0x007F30CC+471244]
	Ordinal0 [0x007F67E2+485346]
	Ordinal0 [0x007F6737+485175]
	Ordinal0 [0x00800520+525600]
	Ordinal0 [0x007ACBB9+183225]
	Ordinal0 [0x007ABF2D+180013]
	Ordinal0 [0x007A9E5B+171611]
	Ordinal0 [0x00791DD8+73176]
	Ordinal0 [0x00792E50+77392]
	Ordinal0 [0x00792DE9+77289]
	Ordinal0 [0x0091D7F7+1693687]
	GetHandleVerifier [0x00A74576+522742]
	GetHandleVerifier [0x00A742B4+522036]
	GetHandleVerifier [0x00A89587+608775]
	GetHandleVerifier [0x00A74DE6+524902]
	Ordinal0 [0x00915BDC+1661916]
	Ordinal0 [0x0091F15B+1700187]
	Ordinal0 [0x0091F2C3+1700547]
	Ordinal0 [0x00935135+1790261]
	BaseThreadInitThunk [0x75DE6359+25]
	RtlGetAppContainerNamedObjectPath [0x77C97C14+228]
	RtlGetAppContainerNamedObjectPath [0x77C97BE4+180]

	at java.base/jdk.internal.reflect.NativeConstructorAccessorImpl.newInstance0(Native Method)
	at java.base/jdk.internal.reflect.NativeConstructorAccessorImpl.newInstance(NativeConstructorAccessorImpl.java:62)
	at java.base/jdk.internal.reflect.DelegatingConstructorAccessorImpl.newInstance(DelegatingConstructorAccessorImpl.java:45)
	at java.base/java.lang.reflect.Constructor.newInstance(Constructor.java:490)
	at org.openqa.selenium.remote.W3CHandshakeResponse.lambda$errorHandler$0(W3CHandshakeResponse.java:62)
	at org.openqa.selenium.remote.HandshakeResponse.lambda$getResponseFunction$0(HandshakeResponse.java:30)
	at org.openqa.selenium.remote.ProtocolHandshake.lambda$createSession$0(ProtocolHandshake.java:126)
	at java.base/java.util.stream.ReferencePipeline$3$1.accept(ReferencePipeline.java:195)
	at java.base/java.util.Spliterators$ArraySpliterator.tryAdvance(Spliterators.java:958)
	at java.base/java.util.stream.ReferencePipeline.forEachWithCancel(ReferencePipeline.java:127)
	at java.base/java.util.stream.AbstractPipeline.copyIntoWithCancel(AbstractPipeline.java:502)
	at java.base/java.util.stream.AbstractPipeline.copyInto(AbstractPipeline.java:488)
	at java.base/java.util.stream.AbstractPipeline.wrapAndCopyInto(AbstractPipeline.java:474)
	at java.base/java.util.stream.FindOps$FindOp.evaluateSequential(FindOps.java:150)
	at java.base/java.util.stream.AbstractPipeline.evaluate(AbstractPipeline.java:234)
	at java.base/java.util.stream.ReferencePipeline.findFirst(ReferencePipeline.java:543)
	at org.openqa.selenium.remote.ProtocolHandshake.createSession(ProtocolHandshake.java:128)
	at org.openqa.selenium.remote.ProtocolHandshake.createSession(ProtocolHandshake.java:74)
	at org.openqa.selenium.remote.HttpCommandExecutor.execute(HttpCommandExecutor.java:136)
	at org.openqa.selenium.remote.service.DriverCommandExecutor.execute(DriverCommandExecutor.java:83)
	at org.openqa.selenium.remote.RemoteWebDriver.execute(RemoteWebDriver.java:552)
	at org.openqa.selenium.remote.RemoteWebDriver.startSession(RemoteWebDriver.java:213)
	at org.openqa.selenium.remote.RemoteWebDriver.&lt;init&gt;(RemoteWebDriver.java:131)
	at org.openqa.selenium.chrome.ChromeDriver.&lt;init&gt;(ChromeDriver.java:181)
	at org.openqa.selenium.chrome.ChromeDriver.&lt;init&gt;(ChromeDriver.java:168)
	at org.openqa.selenium.chrome.ChromeDriver.&lt;init&gt;(ChromeDriver.java:123)
	at utils.Configurations.intializeDriver(Configurations.java:70)
	at tests.ChallengeTest.setUp(ChallengeTest.java:68)
	at java.base/jdk.internal.reflect.NativeMethodAccessorImpl.invoke0(Native Method)
	at java.base/jdk.internal.reflect.NativeMethodAccessorImpl.invoke(NativeMethodAccessorImpl.java:62)
	at java.base/jdk.internal.reflect.DelegatingMethodAccessorImpl.invoke(DelegatingMethodAccessorImpl.java:43)
	at java.base/java.lang.reflect.Method.invoke(Method.java:566)
	at org.testng.internal.MethodInvocationHelper.invokeMethod(MethodInvocationHelper.java:134)
	at org.testng.internal.MethodInvocationHelper.invokeMethodConsideringTimeout(MethodInvocationHelper.java:63)
	at org.testng.internal.ConfigInvoker.invokeConfigurationMethod(ConfigInvoker.java:348)
	at org.testng.internal.ConfigInvoker.invokeConfigurations(ConfigInvoker.java:302)
	at org.testng.TestRunner.invokeTestConfigurations(TestRunner.java:619)
	at org.testng.TestRunner.beforeRun(TestRunner.java:609)
	at org.testng.TestRunner.run(TestRunner.java:580)
	at org.testng.SuiteRunner.runTest(SuiteRunner.java:384)
	at org.testng.SuiteRunner.runSequentially(SuiteRunner.java:378)
	at org.testng.SuiteRunner.privateRun(SuiteRunner.java:337)
	at org.testng.SuiteRunner.run(SuiteRunner.java:286)
	at org.testng.SuiteRunnerWorker.runSuite(SuiteRunnerWorker.java:53)
	at org.testng.SuiteRunnerWorker.run(SuiteRunnerWorker.java:96)
	at org.testng.TestNG.runSuitesSequentially(TestNG.java:1187)
	at org.testng.TestNG.runSuitesLocally(TestNG.java:1109)
	at org.testng.TestNG.runSuites(TestNG.java:1039)
	at org.testng.TestNG.run(TestNG.java:1007)
	at org.testng.remote.AbstractRemoteTestNG.run(AbstractRemoteTestNG.java:115)
	at org.testng.remote.RemoteTestNG.initAndRun(RemoteTestNG.java:251)
	at org.testng.remote.RemoteTestNG.main(RemoteTestNG.java:77)
</div></td></tr></table><p class="totop"><a href="#summary">back to summary</a></p>
<h3 id="m3">tests.ChallengeTest#userRegister</h3><table class="result"><tr><th>Exception</th></tr><tr><td><div class="stacktrace">org.openqa.selenium.SessionNotCreatedException: session not created
from disconnected: Unable to receive message from renderer
  (Session info: chrome=81.0.4044.138)
Build info: version: &apos;3.141.59&apos;, revision: &apos;e82be7d358&apos;, time: &apos;2018-11-14T08:17:03&apos;
System info: host: &apos;DESKTOP-BB7VHJE&apos;, ip: &apos;192.168.1.13&apos;, os.name: &apos;Windows 10&apos;, os.arch: &apos;amd64&apos;, os.version: &apos;10.0&apos;, java.version: &apos;11&apos;
Driver info: driver.version: ChromeDriver
remote stacktrace: Backtrace:
	Ordinal0 [0x009D5E93+2449043]
	Ordinal0 [0x00908281+1606273]
	Ordinal0 [0x007FF889+522377]
	Ordinal0 [0x007F75B5+488885]
	Ordinal0 [0x007F6BAC+486316]
	Ordinal0 [0x007F6DE5+486885]
	Ordinal0 [0x007F6825+485413]
	Ordinal0 [0x007FE5E5+517605]
	Ordinal0 [0x007F67E2+485346]
	Ordinal0 [0x007F7249+488009]
	Ordinal0 [0x007F6BAC+486316]
	Ordinal0 [0x007F6DE5+486885]
	Ordinal0 [0x007F6825+485413]
	Ordinal0 [0x007FCDCE+511438]
	Ordinal0 [0x007F67E2+485346]
	Ordinal0 [0x007F7249+488009]
	Ordinal0 [0x007F6BAC+486316]
	Ordinal0 [0x007F6DE5+486885]
	Ordinal0 [0x007F6825+485413]
	Ordinal0 [0x007FB63C+505404]
	Ordinal0 [0x007F67E2+485346]
	Ordinal0 [0x007F7249+488009]
	Ordinal0 [0x007F6BAC+486316]
	Ordinal0 [0x007F6DE5+486885]
	Ordinal0 [0x007F6825+485413]
	Ordinal0 [0x007FACD7+502999]
	Ordinal0 [0x007F67E2+485346]
	Ordinal0 [0x007F7249+488009]
	Ordinal0 [0x007F6BAC+486316]
	Ordinal0 [0x007F6DE5+486885]
	Ordinal0 [0x007F6825+485413]
	Ordinal0 [0x007F30CC+471244]
	Ordinal0 [0x007F67E2+485346]
	Ordinal0 [0x007F6737+485175]
	Ordinal0 [0x00800520+525600]
	Ordinal0 [0x007ACBB9+183225]
	Ordinal0 [0x007ABF2D+180013]
	Ordinal0 [0x007A9E5B+171611]
	Ordinal0 [0x00791DD8+73176]
	Ordinal0 [0x00792E50+77392]
	Ordinal0 [0x00792DE9+77289]
	Ordinal0 [0x0091D7F7+1693687]
	GetHandleVerifier [0x00A74576+522742]
	GetHandleVerifier [0x00A742B4+522036]
	GetHandleVerifier [0x00A89587+608775]
	GetHandleVerifier [0x00A74DE6+524902]
	Ordinal0 [0x00915BDC+1661916]
	Ordinal0 [0x0091F15B+1700187]
	Ordinal0 [0x0091F2C3+1700547]
	Ordinal0 [0x00935135+1790261]
	BaseThreadInitThunk [0x75DE6359+25]
	RtlGetAppContainerNamedObjectPath [0x77C97C14+228]
	RtlGetAppContainerNamedObjectPath [0x77C97BE4+180]

	at java.base/jdk.internal.reflect.NativeConstructorAccessorImpl.newInstance0(Native Method)
	at java.base/jdk.internal.reflect.NativeConstructorAccessorImpl.newInstance(NativeConstructorAccessorImpl.java:62)
	at java.base/jdk.internal.reflect.DelegatingConstructorAccessorImpl.newInstance(DelegatingConstructorAccessorImpl.java:45)
	at java.base/java.lang.reflect.Constructor.newInstance(Constructor.java:490)
	at org.openqa.selenium.remote.W3CHandshakeResponse.lambda$errorHandler$0(W3CHandshakeResponse.java:62)
	at org.openqa.selenium.remote.HandshakeResponse.lambda$getResponseFunction$0(HandshakeResponse.java:30)
	at org.openqa.selenium.remote.ProtocolHandshake.lambda$createSession$0(ProtocolHandshake.java:126)
	at java.base/java.util.stream.ReferencePipeline$3$1.accept(ReferencePipeline.java:195)
	at java.base/java.util.Spliterators$ArraySpliterator.tryAdvance(Spliterators.java:958)
	at java.base/java.util.stream.ReferencePipeline.forEachWithCancel(ReferencePipeline.java:127)
	at java.base/java.util.stream.AbstractPipeline.copyIntoWithCancel(AbstractPipeline.java:502)
	at java.base/java.util.stream.AbstractPipeline.copyInto(AbstractPipeline.java:488)
	at java.base/java.util.stream.AbstractPipeline.wrapAndCopyInto(AbstractPipeline.java:474)
	at java.base/java.util.stream.FindOps$FindOp.evaluateSequential(FindOps.java:150)
	at java.base/java.util.stream.AbstractPipeline.evaluate(AbstractPipeline.java:234)
	at java.base/java.util.stream.ReferencePipeline.findFirst(ReferencePipeline.java:543)
	at org.openqa.selenium.remote.ProtocolHandshake.createSession(ProtocolHandshake.java:128)
	at org.openqa.selenium.remote.ProtocolHandshake.createSession(ProtocolHandshake.java:74)
	at org.openqa.selenium.remote.HttpCommandExecutor.execute(HttpCommandExecutor.java:136)
	at org.openqa.selenium.remote.service.DriverCommandExecutor.execute(DriverCommandExecutor.java:83)
	at org.openqa.selenium.remote.RemoteWebDriver.execute(RemoteWebDriver.java:552)
	at org.openqa.selenium.remote.RemoteWebDriver.startSession(RemoteWebDriver.java:213)
	at org.openqa.selenium.remote.RemoteWebDriver.&lt;init&gt;(RemoteWebDriver.java:131)
	at org.openqa.selenium.chrome.ChromeDriver.&lt;init&gt;(ChromeDriver.java:181)
	at org.openqa.selenium.chrome.ChromeDriver.&lt;init&gt;(ChromeDriver.java:168)
	at org.openqa.selenium.chrome.ChromeDriver.&lt;init&gt;(ChromeDriver.java:123)
	at utils.Configurations.intializeDriver(Configurations.java:70)
	at tests.ChallengeTest.setUp(ChallengeTest.java:68)
	at java.base/jdk.internal.reflect.NativeMethodAccessorImpl.invoke0(Native Method)
	at java.base/jdk.internal.reflect.NativeMethodAccessorImpl.invoke(NativeMethodAccessorImpl.java:62)
	at java.base/jdk.internal.reflect.DelegatingMethodAccessorImpl.invoke(DelegatingMethodAccessorImpl.java:43)
	at java.base/java.lang.reflect.Method.invoke(Method.java:566)
	at org.testng.internal.MethodInvocationHelper.invokeMethod(MethodInvocationHelper.java:134)
	at org.testng.internal.MethodInvocationHelper.invokeMethodConsideringTimeout(MethodInvocationHelper.java:63)
	at org.testng.internal.ConfigInvoker.invokeConfigurationMethod(ConfigInvoker.java:348)
	at org.testng.internal.ConfigInvoker.invokeConfigurations(ConfigInvoker.java:302)
	at org.testng.TestRunner.invokeTestConfigurations(TestRunner.java:619)
	at org.testng.TestRunner.beforeRun(TestRunner.java:609)
	at org.testng.TestRunner.run(TestRunner.java:580)
	at org.testng.SuiteRunner.runTest(SuiteRunner.java:384)
	at org.testng.SuiteRunner.runSequentially(SuiteRunner.java:378)
	at org.testng.SuiteRunner.privateRun(SuiteRunner.java:337)
	at org.testng.SuiteRunner.run(SuiteRunner.java:286)
	at org.testng.SuiteRunnerWorker.runSuite(SuiteRunnerWorker.java:53)
	at org.testng.SuiteRunnerWorker.run(SuiteRunnerWorker.java:96)
	at org.testng.TestNG.runSuitesSequentially(TestNG.java:1187)
	at org.testng.TestNG.runSuitesLocally(TestNG.java:1109)
	at org.testng.TestNG.runSuites(TestNG.java:1039)
	at org.testng.TestNG.run(TestNG.java:1007)
	at org.testng.remote.AbstractRemoteTestNG.run(AbstractRemoteTestNG.java:115)
	at org.testng.remote.RemoteTestNG.initAndRun(RemoteTestNG.java:251)
	at org.testng.remote.RemoteTestNG.main(RemoteTestNG.java:77)
</div></td></tr></table><p class="totop"><a href="#summary">back to summary</a></p>
</body>
</html>
