<?xml version="1.0" encoding="UTF-8"?>
<testng-results ignored="0" total="2" passed="0" failed="0" skipped="2">
  <reporter-output>
  </reporter-output>
  <suite started-at="2020-05-12T00:02:38 EET" name="Default suite" finished-at="2020-05-12T00:02:43 EET" duration-ms="4513">
    <groups>
    </groups>
    <test started-at="2020-05-12T00:02:38 EET" name="Default test" finished-at="2020-05-12T00:02:43 EET" duration-ms="4513">
      <class name="tests.ChallengeTest">
        <test-method is-config="true" signature="setUp()[pri:0, instance:tests.ChallengeTest@68567e20]" started-at="2020-05-12T00:02:38 EET" name="setUp" finished-at="2020-05-12T00:02:43 EET" duration-ms="4446" status="FAIL">
          <exception class="org.openqa.selenium.SessionNotCreatedException">
            <message>
              <![CDATA[session not created
from disconnected: Unable to receive message from renderer
  (Session info: chrome=81.0.4044.138)
Build info: version: '3.141.59', revision: 'e82be7d358', time: '2018-11-14T08:17:03'
System info: host: 'DESKTOP-BB7VHJE', ip: '192.168.1.13', os.name: 'Windows 10', os.arch: 'amd64', os.version: '10.0', java.version: '11'
Driver info: driver.version: ChromeDriver
remote stacktrace: Backtrace:
Ordinal0 [0x009D5E93+2449043]
Ordinal0 [0x00908281+1606273]
Ordinal0 [0x007FF889+522377]
Ordinal0 [0x007F75B5+488885]
Ordinal0 [0x007F6BAC+486316]
Ordinal0 [0x007F6DE5+486885]
Ordinal0 [0x007F6825+485413]
Ordinal0 [0x007FE5E5+517605]
Ordinal0 [0x007F67E2+485346]
Ordinal0 [0x007F7249+488009]
Ordinal0 [0x007F6BAC+486316]
Ordinal0 [0x007F6DE5+486885]
Ordinal0 [0x007F6825+485413]
Ordinal0 [0x007FCDCE+511438]
Ordinal0 [0x007F67E2+485346]
Ordinal0 [0x007F7249+488009]
Ordinal0 [0x007F6BAC+486316]
Ordinal0 [0x007F6DE5+486885]
Ordinal0 [0x007F6825+485413]
Ordinal0 [0x007FB63C+505404]
Ordinal0 [0x007F67E2+485346]
Ordinal0 [0x007F7249+488009]
Ordinal0 [0x007F6BAC+486316]
Ordinal0 [0x007F6DE5+486885]
Ordinal0 [0x007F6825+485413]
Ordinal0 [0x007FACD7+502999]
Ordinal0 [0x007F67E2+485346]
Ordinal0 [0x007F7249+488009]
Ordinal0 [0x007F6BAC+486316]
Ordinal0 [0x007F6DE5+486885]
Ordinal0 [0x007F6825+485413]
Ordinal0 [0x007F30CC+471244]
Ordinal0 [0x007F67E2+485346]
Ordinal0 [0x007F6737+485175]
Ordinal0 [0x00800520+525600]
Ordinal0 [0x007ACBB9+183225]
Ordinal0 [0x007ABF2D+180013]
Ordinal0 [0x007A9E5B+171611]
Ordinal0 [0x00791DD8+73176]
Ordinal0 [0x00792E50+77392]
Ordinal0 [0x00792DE9+77289]
Ordinal0 [0x0091D7F7+1693687]
GetHandleVerifier [0x00A74576+522742]
GetHandleVerifier [0x00A742B4+522036]
GetHandleVerifier [0x00A89587+608775]
GetHandleVerifier [0x00A74DE6+524902]
Ordinal0 [0x00915BDC+1661916]
Ordinal0 [0x0091F15B+1700187]
Ordinal0 [0x0091F2C3+1700547]
Ordinal0 [0x00935135+1790261]
BaseThreadInitThunk [0x75DE6359+25]
RtlGetAppContainerNamedObjectPath [0x77C97C14+228]
RtlGetAppContainerNamedObjectPath [0x77C97BE4+180]
]]>
            </message>
            <full-stacktrace>
              <![CDATA[org.openqa.selenium.SessionNotCreatedException: session not created
from disconnected: Unable to receive message from renderer
  (Session info: chrome=81.0.4044.138)
Build info: version: '3.141.59', revision: 'e82be7d358', time: '2018-11-14T08:17:03'
System info: host: 'DESKTOP-BB7VHJE', ip: '192.168.1.13', os.name: 'Windows 10', os.arch: 'amd64', os.version: '10.0', java.version: '11'
Driver info: driver.version: ChromeDriver
remote stacktrace: Backtrace:
Ordinal0 [0x009D5E93+2449043]
Ordinal0 [0x00908281+1606273]
Ordinal0 [0x007FF889+522377]
Ordinal0 [0x007F75B5+488885]
Ordinal0 [0x007F6BAC+486316]
Ordinal0 [0x007F6DE5+486885]
Ordinal0 [0x007F6825+485413]
Ordinal0 [0x007FE5E5+517605]
Ordinal0 [0x007F67E2+485346]
Ordinal0 [0x007F7249+488009]
Ordinal0 [0x007F6BAC+486316]
Ordinal0 [0x007F6DE5+486885]
Ordinal0 [0x007F6825+485413]
Ordinal0 [0x007FCDCE+511438]
Ordinal0 [0x007F67E2+485346]
Ordinal0 [0x007F7249+488009]
Ordinal0 [0x007F6BAC+486316]
Ordinal0 [0x007F6DE5+486885]
Ordinal0 [0x007F6825+485413]
Ordinal0 [0x007FB63C+505404]
Ordinal0 [0x007F67E2+485346]
Ordinal0 [0x007F7249+488009]
Ordinal0 [0x007F6BAC+486316]
Ordinal0 [0x007F6DE5+486885]
Ordinal0 [0x007F6825+485413]
Ordinal0 [0x007FACD7+502999]
Ordinal0 [0x007F67E2+485346]
Ordinal0 [0x007F7249+488009]
Ordinal0 [0x007F6BAC+486316]
Ordinal0 [0x007F6DE5+486885]
Ordinal0 [0x007F6825+485413]
Ordinal0 [0x007F30CC+471244]
Ordinal0 [0x007F67E2+485346]
Ordinal0 [0x007F6737+485175]
Ordinal0 [0x00800520+525600]
Ordinal0 [0x007ACBB9+183225]
Ordinal0 [0x007ABF2D+180013]
Ordinal0 [0x007A9E5B+171611]
Ordinal0 [0x00791DD8+73176]
Ordinal0 [0x00792E50+77392]
Ordinal0 [0x00792DE9+77289]
Ordinal0 [0x0091D7F7+1693687]
GetHandleVerifier [0x00A74576+522742]
GetHandleVerifier [0x00A742B4+522036]
GetHandleVerifier [0x00A89587+608775]
GetHandleVerifier [0x00A74DE6+524902]
Ordinal0 [0x00915BDC+1661916]
Ordinal0 [0x0091F15B+1700187]
Ordinal0 [0x0091F2C3+1700547]
Ordinal0 [0x00935135+1790261]
BaseThreadInitThunk [0x75DE6359+25]
RtlGetAppContainerNamedObjectPath [0x77C97C14+228]
RtlGetAppContainerNamedObjectPath [0x77C97BE4+180]

at java.base/jdk.internal.reflect.NativeConstructorAccessorImpl.newInstance0(Native Method)
at java.base/jdk.internal.reflect.NativeConstructorAccessorImpl.newInstance(NativeConstructorAccessorImpl.java:62)
at java.base/jdk.internal.reflect.DelegatingConstructorAccessorImpl.newInstance(DelegatingConstructorAccessorImpl.java:45)
at java.base/java.lang.reflect.Constructor.newInstance(Constructor.java:490)
at org.openqa.selenium.remote.W3CHandshakeResponse.lambda$errorHandler$0(W3CHandshakeResponse.java:62)
at org.openqa.selenium.remote.HandshakeResponse.lambda$getResponseFunction$0(HandshakeResponse.java:30)
at org.openqa.selenium.remote.ProtocolHandshake.lambda$createSession$0(ProtocolHandshake.java:126)
at java.base/java.util.stream.ReferencePipeline$3$1.accept(ReferencePipeline.java:195)
at java.base/java.util.Spliterators$ArraySpliterator.tryAdvance(Spliterators.java:958)
at java.base/java.util.stream.ReferencePipeline.forEachWithCancel(ReferencePipeline.java:127)
at java.base/java.util.stream.AbstractPipeline.copyIntoWithCancel(AbstractPipeline.java:502)
at java.base/java.util.stream.AbstractPipeline.copyInto(AbstractPipeline.java:488)
at java.base/java.util.stream.AbstractPipeline.wrapAndCopyInto(AbstractPipeline.java:474)
at java.base/java.util.stream.FindOps$FindOp.evaluateSequential(FindOps.java:150)
at java.base/java.util.stream.AbstractPipeline.evaluate(AbstractPipeline.java:234)
at java.base/java.util.stream.ReferencePipeline.findFirst(ReferencePipeline.java:543)
at org.openqa.selenium.remote.ProtocolHandshake.createSession(ProtocolHandshake.java:128)
at org.openqa.selenium.remote.ProtocolHandshake.createSession(ProtocolHandshake.java:74)
at org.openqa.selenium.remote.HttpCommandExecutor.execute(HttpCommandExecutor.java:136)
at org.openqa.selenium.remote.service.DriverCommandExecutor.execute(DriverCommandExecutor.java:83)
at org.openqa.selenium.remote.RemoteWebDriver.execute(RemoteWebDriver.java:552)
at org.openqa.selenium.remote.RemoteWebDriver.startSession(RemoteWebDriver.java:213)
at org.openqa.selenium.remote.RemoteWebDriver.<init>(RemoteWebDriver.java:131)
at org.openqa.selenium.chrome.ChromeDriver.<init>(ChromeDriver.java:181)
at org.openqa.selenium.chrome.ChromeDriver.<init>(ChromeDriver.java:168)
at org.openqa.selenium.chrome.ChromeDriver.<init>(ChromeDriver.java:123)
at utils.Configurations.intializeDriver(Configurations.java:70)
at tests.ChallengeTest.setUp(ChallengeTest.java:68)
at java.base/jdk.internal.reflect.NativeMethodAccessorImpl.invoke0(Native Method)
at java.base/jdk.internal.reflect.NativeMethodAccessorImpl.invoke(NativeMethodAccessorImpl.java:62)
at java.base/jdk.internal.reflect.DelegatingMethodAccessorImpl.invoke(DelegatingMethodAccessorImpl.java:43)
at java.base/java.lang.reflect.Method.invoke(Method.java:566)
at org.testng.internal.MethodInvocationHelper.invokeMethod(MethodInvocationHelper.java:134)
at org.testng.internal.MethodInvocationHelper.invokeMethodConsideringTimeout(MethodInvocationHelper.java:63)
at org.testng.internal.ConfigInvoker.invokeConfigurationMethod(ConfigInvoker.java:348)
at org.testng.internal.ConfigInvoker.invokeConfigurations(ConfigInvoker.java:302)
at org.testng.TestRunner.invokeTestConfigurations(TestRunner.java:619)
at org.testng.TestRunner.beforeRun(TestRunner.java:609)
at org.testng.TestRunner.run(TestRunner.java:580)
at org.testng.SuiteRunner.runTest(SuiteRunner.java:384)
at org.testng.SuiteRunner.runSequentially(SuiteRunner.java:378)
at org.testng.SuiteRunner.privateRun(SuiteRunner.java:337)
at org.testng.SuiteRunner.run(SuiteRunner.java:286)
at org.testng.SuiteRunnerWorker.runSuite(SuiteRunnerWorker.java:53)
at org.testng.SuiteRunnerWorker.run(SuiteRunnerWorker.java:96)
at org.testng.TestNG.runSuitesSequentially(TestNG.java:1187)
at org.testng.TestNG.runSuitesLocally(TestNG.java:1109)
at org.testng.TestNG.runSuites(TestNG.java:1039)
at org.testng.TestNG.run(TestNG.java:1007)
at org.testng.remote.AbstractRemoteTestNG.run(AbstractRemoteTestNG.java:115)
at org.testng.remote.RemoteTestNG.initAndRun(RemoteTestNG.java:251)
at org.testng.remote.RemoteTestNG.main(RemoteTestNG.java:77)
]]>
            </full-stacktrace>
          </exception> <!-- org.openqa.selenium.SessionNotCreatedException -->
          <reporter-output>
          </reporter-output>
        </test-method> <!-- setUp -->
        <test-method signature="userRegister()[pri:0, instance:tests.ChallengeTest@68567e20]" started-at="2020-05-12T00:02:43 EET" name="userRegister" description="Testing that user can register successfully" finished-at="2020-05-12T00:02:43 EET" duration-ms="0" status="SKIP">
          <exception class="org.openqa.selenium.SessionNotCreatedException">
            <message>
              <![CDATA[session not created
from disconnected: Unable to receive message from renderer
  (Session info: chrome=81.0.4044.138)
Build info: version: '3.141.59', revision: 'e82be7d358', time: '2018-11-14T08:17:03'
System info: host: 'DESKTOP-BB7VHJE', ip: '192.168.1.13', os.name: 'Windows 10', os.arch: 'amd64', os.version: '10.0', java.version: '11'
Driver info: driver.version: ChromeDriver
remote stacktrace: Backtrace:
Ordinal0 [0x009D5E93+2449043]
Ordinal0 [0x00908281+1606273]
Ordinal0 [0x007FF889+522377]
Ordinal0 [0x007F75B5+488885]
Ordinal0 [0x007F6BAC+486316]
Ordinal0 [0x007F6DE5+486885]
Ordinal0 [0x007F6825+485413]
Ordinal0 [0x007FE5E5+517605]
Ordinal0 [0x007F67E2+485346]
Ordinal0 [0x007F7249+488009]
Ordinal0 [0x007F6BAC+486316]
Ordinal0 [0x007F6DE5+486885]
Ordinal0 [0x007F6825+485413]
Ordinal0 [0x007FCDCE+511438]
Ordinal0 [0x007F67E2+485346]
Ordinal0 [0x007F7249+488009]
Ordinal0 [0x007F6BAC+486316]
Ordinal0 [0x007F6DE5+486885]
Ordinal0 [0x007F6825+485413]
Ordinal0 [0x007FB63C+505404]
Ordinal0 [0x007F67E2+485346]
Ordinal0 [0x007F7249+488009]
Ordinal0 [0x007F6BAC+486316]
Ordinal0 [0x007F6DE5+486885]
Ordinal0 [0x007F6825+485413]
Ordinal0 [0x007FACD7+502999]
Ordinal0 [0x007F67E2+485346]
Ordinal0 [0x007F7249+488009]
Ordinal0 [0x007F6BAC+486316]
Ordinal0 [0x007F6DE5+486885]
Ordinal0 [0x007F6825+485413]
Ordinal0 [0x007F30CC+471244]
Ordinal0 [0x007F67E2+485346]
Ordinal0 [0x007F6737+485175]
Ordinal0 [0x00800520+525600]
Ordinal0 [0x007ACBB9+183225]
Ordinal0 [0x007ABF2D+180013]
Ordinal0 [0x007A9E5B+171611]
Ordinal0 [0x00791DD8+73176]
Ordinal0 [0x00792E50+77392]
Ordinal0 [0x00792DE9+77289]
Ordinal0 [0x0091D7F7+1693687]
GetHandleVerifier [0x00A74576+522742]
GetHandleVerifier [0x00A742B4+522036]
GetHandleVerifier [0x00A89587+608775]
GetHandleVerifier [0x00A74DE6+524902]
Ordinal0 [0x00915BDC+1661916]
Ordinal0 [0x0091F15B+1700187]
Ordinal0 [0x0091F2C3+1700547]
Ordinal0 [0x00935135+1790261]
BaseThreadInitThunk [0x75DE6359+25]
RtlGetAppContainerNamedObjectPath [0x77C97C14+228]
RtlGetAppContainerNamedObjectPath [0x77C97BE4+180]
]]>
            </message>
            <full-stacktrace>
              <![CDATA[org.openqa.selenium.SessionNotCreatedException: session not created
from disconnected: Unable to receive message from renderer
  (Session info: chrome=81.0.4044.138)
Build info: version: '3.141.59', revision: 'e82be7d358', time: '2018-11-14T08:17:03'
System info: host: 'DESKTOP-BB7VHJE', ip: '192.168.1.13', os.name: 'Windows 10', os.arch: 'amd64', os.version: '10.0', java.version: '11'
Driver info: driver.version: ChromeDriver
remote stacktrace: Backtrace:
Ordinal0 [0x009D5E93+2449043]
Ordinal0 [0x00908281+1606273]
Ordinal0 [0x007FF889+522377]
Ordinal0 [0x007F75B5+488885]
Ordinal0 [0x007F6BAC+486316]
Ordinal0 [0x007F6DE5+486885]
Ordinal0 [0x007F6825+485413]
Ordinal0 [0x007FE5E5+517605]
Ordinal0 [0x007F67E2+485346]
Ordinal0 [0x007F7249+488009]
Ordinal0 [0x007F6BAC+486316]
Ordinal0 [0x007F6DE5+486885]
Ordinal0 [0x007F6825+485413]
Ordinal0 [0x007FCDCE+511438]
Ordinal0 [0x007F67E2+485346]
Ordinal0 [0x007F7249+488009]
Ordinal0 [0x007F6BAC+486316]
Ordinal0 [0x007F6DE5+486885]
Ordinal0 [0x007F6825+485413]
Ordinal0 [0x007FB63C+505404]
Ordinal0 [0x007F67E2+485346]
Ordinal0 [0x007F7249+488009]
Ordinal0 [0x007F6BAC+486316]
Ordinal0 [0x007F6DE5+486885]
Ordinal0 [0x007F6825+485413]
Ordinal0 [0x007FACD7+502999]
Ordinal0 [0x007F67E2+485346]
Ordinal0 [0x007F7249+488009]
Ordinal0 [0x007F6BAC+486316]
Ordinal0 [0x007F6DE5+486885]
Ordinal0 [0x007F6825+485413]
Ordinal0 [0x007F30CC+471244]
Ordinal0 [0x007F67E2+485346]
Ordinal0 [0x007F6737+485175]
Ordinal0 [0x00800520+525600]
Ordinal0 [0x007ACBB9+183225]
Ordinal0 [0x007ABF2D+180013]
Ordinal0 [0x007A9E5B+171611]
Ordinal0 [0x00791DD8+73176]
Ordinal0 [0x00792E50+77392]
Ordinal0 [0x00792DE9+77289]
Ordinal0 [0x0091D7F7+1693687]
GetHandleVerifier [0x00A74576+522742]
GetHandleVerifier [0x00A742B4+522036]
GetHandleVerifier [0x00A89587+608775]
GetHandleVerifier [0x00A74DE6+524902]
Ordinal0 [0x00915BDC+1661916]
Ordinal0 [0x0091F15B+1700187]
Ordinal0 [0x0091F2C3+1700547]
Ordinal0 [0x00935135+1790261]
BaseThreadInitThunk [0x75DE6359+25]
RtlGetAppContainerNamedObjectPath [0x77C97C14+228]
RtlGetAppContainerNamedObjectPath [0x77C97BE4+180]

at java.base/jdk.internal.reflect.NativeConstructorAccessorImpl.newInstance0(Native Method)
at java.base/jdk.internal.reflect.NativeConstructorAccessorImpl.newInstance(NativeConstructorAccessorImpl.java:62)
at java.base/jdk.internal.reflect.DelegatingConstructorAccessorImpl.newInstance(DelegatingConstructorAccessorImpl.java:45)
at java.base/java.lang.reflect.Constructor.newInstance(Constructor.java:490)
at org.openqa.selenium.remote.W3CHandshakeResponse.lambda$errorHandler$0(W3CHandshakeResponse.java:62)
at org.openqa.selenium.remote.HandshakeResponse.lambda$getResponseFunction$0(HandshakeResponse.java:30)
at org.openqa.selenium.remote.ProtocolHandshake.lambda$createSession$0(ProtocolHandshake.java:126)
at java.base/java.util.stream.ReferencePipeline$3$1.accept(ReferencePipeline.java:195)
at java.base/java.util.Spliterators$ArraySpliterator.tryAdvance(Spliterators.java:958)
at java.base/java.util.stream.ReferencePipeline.forEachWithCancel(ReferencePipeline.java:127)
at java.base/java.util.stream.AbstractPipeline.copyIntoWithCancel(AbstractPipeline.java:502)
at java.base/java.util.stream.AbstractPipeline.copyInto(AbstractPipeline.java:488)
at java.base/java.util.stream.AbstractPipeline.wrapAndCopyInto(AbstractPipeline.java:474)
at java.base/java.util.stream.FindOps$FindOp.evaluateSequential(FindOps.java:150)
at java.base/java.util.stream.AbstractPipeline.evaluate(AbstractPipeline.java:234)
at java.base/java.util.stream.ReferencePipeline.findFirst(ReferencePipeline.java:543)
at org.openqa.selenium.remote.ProtocolHandshake.createSession(ProtocolHandshake.java:128)
at org.openqa.selenium.remote.ProtocolHandshake.createSession(ProtocolHandshake.java:74)
at org.openqa.selenium.remote.HttpCommandExecutor.execute(HttpCommandExecutor.java:136)
at org.openqa.selenium.remote.service.DriverCommandExecutor.execute(DriverCommandExecutor.java:83)
at org.openqa.selenium.remote.RemoteWebDriver.execute(RemoteWebDriver.java:552)
at org.openqa.selenium.remote.RemoteWebDriver.startSession(RemoteWebDriver.java:213)
at org.openqa.selenium.remote.RemoteWebDriver.<init>(RemoteWebDriver.java:131)
at org.openqa.selenium.chrome.ChromeDriver.<init>(ChromeDriver.java:181)
at org.openqa.selenium.chrome.ChromeDriver.<init>(ChromeDriver.java:168)
at org.openqa.selenium.chrome.ChromeDriver.<init>(ChromeDriver.java:123)
at utils.Configurations.intializeDriver(Configurations.java:70)
at tests.ChallengeTest.setUp(ChallengeTest.java:68)
at java.base/jdk.internal.reflect.NativeMethodAccessorImpl.invoke0(Native Method)
at java.base/jdk.internal.reflect.NativeMethodAccessorImpl.invoke(NativeMethodAccessorImpl.java:62)
at java.base/jdk.internal.reflect.DelegatingMethodAccessorImpl.invoke(DelegatingMethodAccessorImpl.java:43)
at java.base/java.lang.reflect.Method.invoke(Method.java:566)
at org.testng.internal.MethodInvocationHelper.invokeMethod(MethodInvocationHelper.java:134)
at org.testng.internal.MethodInvocationHelper.invokeMethodConsideringTimeout(MethodInvocationHelper.java:63)
at org.testng.internal.ConfigInvoker.invokeConfigurationMethod(ConfigInvoker.java:348)
at org.testng.internal.ConfigInvoker.invokeConfigurations(ConfigInvoker.java:302)
at org.testng.TestRunner.invokeTestConfigurations(TestRunner.java:619)
at org.testng.TestRunner.beforeRun(TestRunner.java:609)
at org.testng.TestRunner.run(TestRunner.java:580)
at org.testng.SuiteRunner.runTest(SuiteRunner.java:384)
at org.testng.SuiteRunner.runSequentially(SuiteRunner.java:378)
at org.testng.SuiteRunner.privateRun(SuiteRunner.java:337)
at org.testng.SuiteRunner.run(SuiteRunner.java:286)
at org.testng.SuiteRunnerWorker.runSuite(SuiteRunnerWorker.java:53)
at org.testng.SuiteRunnerWorker.run(SuiteRunnerWorker.java:96)
at org.testng.TestNG.runSuitesSequentially(TestNG.java:1187)
at org.testng.TestNG.runSuitesLocally(TestNG.java:1109)
at org.testng.TestNG.runSuites(TestNG.java:1039)
at org.testng.TestNG.run(TestNG.java:1007)
at org.testng.remote.AbstractRemoteTestNG.run(AbstractRemoteTestNG.java:115)
at org.testng.remote.RemoteTestNG.initAndRun(RemoteTestNG.java:251)
at org.testng.remote.RemoteTestNG.main(RemoteTestNG.java:77)
]]>
            </full-stacktrace>
          </exception> <!-- org.openqa.selenium.SessionNotCreatedException -->
          <reporter-output>
          </reporter-output>
        </test-method> <!-- userRegister -->
        <test-method signature="userLoginAfterRegisteration()[pri:1, instance:tests.ChallengeTest@68567e20]" started-at="2020-05-12T00:02:43 EET" name="userLoginAfterRegisteration" description="Testing that user can login successfully using the same credentials used in registeration" finished-at="2020-05-12T00:02:43 EET" duration-ms="0" status="SKIP">
          <exception class="org.openqa.selenium.SessionNotCreatedException">
            <message>
              <![CDATA[session not created
from disconnected: Unable to receive message from renderer
  (Session info: chrome=81.0.4044.138)
Build info: version: '3.141.59', revision: 'e82be7d358', time: '2018-11-14T08:17:03'
System info: host: 'DESKTOP-BB7VHJE', ip: '192.168.1.13', os.name: 'Windows 10', os.arch: 'amd64', os.version: '10.0', java.version: '11'
Driver info: driver.version: ChromeDriver
remote stacktrace: Backtrace:
Ordinal0 [0x009D5E93+2449043]
Ordinal0 [0x00908281+1606273]
Ordinal0 [0x007FF889+522377]
Ordinal0 [0x007F75B5+488885]
Ordinal0 [0x007F6BAC+486316]
Ordinal0 [0x007F6DE5+486885]
Ordinal0 [0x007F6825+485413]
Ordinal0 [0x007FE5E5+517605]
Ordinal0 [0x007F67E2+485346]
Ordinal0 [0x007F7249+488009]
Ordinal0 [0x007F6BAC+486316]
Ordinal0 [0x007F6DE5+486885]
Ordinal0 [0x007F6825+485413]
Ordinal0 [0x007FCDCE+511438]
Ordinal0 [0x007F67E2+485346]
Ordinal0 [0x007F7249+488009]
Ordinal0 [0x007F6BAC+486316]
Ordinal0 [0x007F6DE5+486885]
Ordinal0 [0x007F6825+485413]
Ordinal0 [0x007FB63C+505404]
Ordinal0 [0x007F67E2+485346]
Ordinal0 [0x007F7249+488009]
Ordinal0 [0x007F6BAC+486316]
Ordinal0 [0x007F6DE5+486885]
Ordinal0 [0x007F6825+485413]
Ordinal0 [0x007FACD7+502999]
Ordinal0 [0x007F67E2+485346]
Ordinal0 [0x007F7249+488009]
Ordinal0 [0x007F6BAC+486316]
Ordinal0 [0x007F6DE5+486885]
Ordinal0 [0x007F6825+485413]
Ordinal0 [0x007F30CC+471244]
Ordinal0 [0x007F67E2+485346]
Ordinal0 [0x007F6737+485175]
Ordinal0 [0x00800520+525600]
Ordinal0 [0x007ACBB9+183225]
Ordinal0 [0x007ABF2D+180013]
Ordinal0 [0x007A9E5B+171611]
Ordinal0 [0x00791DD8+73176]
Ordinal0 [0x00792E50+77392]
Ordinal0 [0x00792DE9+77289]
Ordinal0 [0x0091D7F7+1693687]
GetHandleVerifier [0x00A74576+522742]
GetHandleVerifier [0x00A742B4+522036]
GetHandleVerifier [0x00A89587+608775]
GetHandleVerifier [0x00A74DE6+524902]
Ordinal0 [0x00915BDC+1661916]
Ordinal0 [0x0091F15B+1700187]
Ordinal0 [0x0091F2C3+1700547]
Ordinal0 [0x00935135+1790261]
BaseThreadInitThunk [0x75DE6359+25]
RtlGetAppContainerNamedObjectPath [0x77C97C14+228]
RtlGetAppContainerNamedObjectPath [0x77C97BE4+180]
]]>
            </message>
            <full-stacktrace>
              <![CDATA[org.openqa.selenium.SessionNotCreatedException: session not created
from disconnected: Unable to receive message from renderer
  (Session info: chrome=81.0.4044.138)
Build info: version: '3.141.59', revision: 'e82be7d358', time: '2018-11-14T08:17:03'
System info: host: 'DESKTOP-BB7VHJE', ip: '192.168.1.13', os.name: 'Windows 10', os.arch: 'amd64', os.version: '10.0', java.version: '11'
Driver info: driver.version: ChromeDriver
remote stacktrace: Backtrace:
Ordinal0 [0x009D5E93+2449043]
Ordinal0 [0x00908281+1606273]
Ordinal0 [0x007FF889+522377]
Ordinal0 [0x007F75B5+488885]
Ordinal0 [0x007F6BAC+486316]
Ordinal0 [0x007F6DE5+486885]
Ordinal0 [0x007F6825+485413]
Ordinal0 [0x007FE5E5+517605]
Ordinal0 [0x007F67E2+485346]
Ordinal0 [0x007F7249+488009]
Ordinal0 [0x007F6BAC+486316]
Ordinal0 [0x007F6DE5+486885]
Ordinal0 [0x007F6825+485413]
Ordinal0 [0x007FCDCE+511438]
Ordinal0 [0x007F67E2+485346]
Ordinal0 [0x007F7249+488009]
Ordinal0 [0x007F6BAC+486316]
Ordinal0 [0x007F6DE5+486885]
Ordinal0 [0x007F6825+485413]
Ordinal0 [0x007FB63C+505404]
Ordinal0 [0x007F67E2+485346]
Ordinal0 [0x007F7249+488009]
Ordinal0 [0x007F6BAC+486316]
Ordinal0 [0x007F6DE5+486885]
Ordinal0 [0x007F6825+485413]
Ordinal0 [0x007FACD7+502999]
Ordinal0 [0x007F67E2+485346]
Ordinal0 [0x007F7249+488009]
Ordinal0 [0x007F6BAC+486316]
Ordinal0 [0x007F6DE5+486885]
Ordinal0 [0x007F6825+485413]
Ordinal0 [0x007F30CC+471244]
Ordinal0 [0x007F67E2+485346]
Ordinal0 [0x007F6737+485175]
Ordinal0 [0x00800520+525600]
Ordinal0 [0x007ACBB9+183225]
Ordinal0 [0x007ABF2D+180013]
Ordinal0 [0x007A9E5B+171611]
Ordinal0 [0x00791DD8+73176]
Ordinal0 [0x00792E50+77392]
Ordinal0 [0x00792DE9+77289]
Ordinal0 [0x0091D7F7+1693687]
GetHandleVerifier [0x00A74576+522742]
GetHandleVerifier [0x00A742B4+522036]
GetHandleVerifier [0x00A89587+608775]
GetHandleVerifier [0x00A74DE6+524902]
Ordinal0 [0x00915BDC+1661916]
Ordinal0 [0x0091F15B+1700187]
Ordinal0 [0x0091F2C3+1700547]
Ordinal0 [0x00935135+1790261]
BaseThreadInitThunk [0x75DE6359+25]
RtlGetAppContainerNamedObjectPath [0x77C97C14+228]
RtlGetAppContainerNamedObjectPath [0x77C97BE4+180]

at java.base/jdk.internal.reflect.NativeConstructorAccessorImpl.newInstance0(Native Method)
at java.base/jdk.internal.reflect.NativeConstructorAccessorImpl.newInstance(NativeConstructorAccessorImpl.java:62)
at java.base/jdk.internal.reflect.DelegatingConstructorAccessorImpl.newInstance(DelegatingConstructorAccessorImpl.java:45)
at java.base/java.lang.reflect.Constructor.newInstance(Constructor.java:490)
at org.openqa.selenium.remote.W3CHandshakeResponse.lambda$errorHandler$0(W3CHandshakeResponse.java:62)
at org.openqa.selenium.remote.HandshakeResponse.lambda$getResponseFunction$0(HandshakeResponse.java:30)
at org.openqa.selenium.remote.ProtocolHandshake.lambda$createSession$0(ProtocolHandshake.java:126)
at java.base/java.util.stream.ReferencePipeline$3$1.accept(ReferencePipeline.java:195)
at java.base/java.util.Spliterators$ArraySpliterator.tryAdvance(Spliterators.java:958)
at java.base/java.util.stream.ReferencePipeline.forEachWithCancel(ReferencePipeline.java:127)
at java.base/java.util.stream.AbstractPipeline.copyIntoWithCancel(AbstractPipeline.java:502)
at java.base/java.util.stream.AbstractPipeline.copyInto(AbstractPipeline.java:488)
at java.base/java.util.stream.AbstractPipeline.wrapAndCopyInto(AbstractPipeline.java:474)
at java.base/java.util.stream.FindOps$FindOp.evaluateSequential(FindOps.java:150)
at java.base/java.util.stream.AbstractPipeline.evaluate(AbstractPipeline.java:234)
at java.base/java.util.stream.ReferencePipeline.findFirst(ReferencePipeline.java:543)
at org.openqa.selenium.remote.ProtocolHandshake.createSession(ProtocolHandshake.java:128)
at org.openqa.selenium.remote.ProtocolHandshake.createSession(ProtocolHandshake.java:74)
at org.openqa.selenium.remote.HttpCommandExecutor.execute(HttpCommandExecutor.java:136)
at org.openqa.selenium.remote.service.DriverCommandExecutor.execute(DriverCommandExecutor.java:83)
at org.openqa.selenium.remote.RemoteWebDriver.execute(RemoteWebDriver.java:552)
at org.openqa.selenium.remote.RemoteWebDriver.startSession(RemoteWebDriver.java:213)
at org.openqa.selenium.remote.RemoteWebDriver.<init>(RemoteWebDriver.java:131)
at org.openqa.selenium.chrome.ChromeDriver.<init>(ChromeDriver.java:181)
at org.openqa.selenium.chrome.ChromeDriver.<init>(ChromeDriver.java:168)
at org.openqa.selenium.chrome.ChromeDriver.<init>(ChromeDriver.java:123)
at utils.Configurations.intializeDriver(Configurations.java:70)
at tests.ChallengeTest.setUp(ChallengeTest.java:68)
at java.base/jdk.internal.reflect.NativeMethodAccessorImpl.invoke0(Native Method)
at java.base/jdk.internal.reflect.NativeMethodAccessorImpl.invoke(NativeMethodAccessorImpl.java:62)
at java.base/jdk.internal.reflect.DelegatingMethodAccessorImpl.invoke(DelegatingMethodAccessorImpl.java:43)
at java.base/java.lang.reflect.Method.invoke(Method.java:566)
at org.testng.internal.MethodInvocationHelper.invokeMethod(MethodInvocationHelper.java:134)
at org.testng.internal.MethodInvocationHelper.invokeMethodConsideringTimeout(MethodInvocationHelper.java:63)
at org.testng.internal.ConfigInvoker.invokeConfigurationMethod(ConfigInvoker.java:348)
at org.testng.internal.ConfigInvoker.invokeConfigurations(ConfigInvoker.java:302)
at org.testng.TestRunner.invokeTestConfigurations(TestRunner.java:619)
at org.testng.TestRunner.beforeRun(TestRunner.java:609)
at org.testng.TestRunner.run(TestRunner.java:580)
at org.testng.SuiteRunner.runTest(SuiteRunner.java:384)
at org.testng.SuiteRunner.runSequentially(SuiteRunner.java:378)
at org.testng.SuiteRunner.privateRun(SuiteRunner.java:337)
at org.testng.SuiteRunner.run(SuiteRunner.java:286)
at org.testng.SuiteRunnerWorker.runSuite(SuiteRunnerWorker.java:53)
at org.testng.SuiteRunnerWorker.run(SuiteRunnerWorker.java:96)
at org.testng.TestNG.runSuitesSequentially(TestNG.java:1187)
at org.testng.TestNG.runSuitesLocally(TestNG.java:1109)
at org.testng.TestNG.runSuites(TestNG.java:1039)
at org.testng.TestNG.run(TestNG.java:1007)
at org.testng.remote.AbstractRemoteTestNG.run(AbstractRemoteTestNG.java:115)
at org.testng.remote.RemoteTestNG.initAndRun(RemoteTestNG.java:251)
at org.testng.remote.RemoteTestNG.main(RemoteTestNG.java:77)
]]>
            </full-stacktrace>
          </exception> <!-- org.openqa.selenium.SessionNotCreatedException -->
          <reporter-output>
          </reporter-output>
        </test-method> <!-- userLoginAfterRegisteration -->
        <test-method is-config="true" signature="wrapUp()[pri:0, instance:tests.ChallengeTest@68567e20]" started-at="2020-05-12T00:02:43 EET" name="wrapUp" finished-at="1970-01-01T02:00:00 EET" duration-ms="-1589234563441" status="SKIP">
          <reporter-output>
          </reporter-output>
        </test-method> <!-- wrapUp -->
      </class> <!-- tests.ChallengeTest -->
    </test> <!-- Default test -->
  </suite> <!-- Default suite -->
</testng-results>
